[2025-02-22 10:41:15] INFO [log_manager.py:34]: 데이터베이스 연결 성공: G:\program\python\tensorflow\lotto\2025-02-19_Lotto_In_Use\lotto_pattern_llsm_top_number\lotto.db
[2025-02-22 10:41:15] INFO [log_manager.py:34]: 데이터베이스 유효성 검사 완료: G:\program\python\tensorflow\lotto\2025-02-19_Lotto_In_Use\lotto_pattern_llsm_top_number\lotto.db
[2025-02-22 10:41:15] INFO [log_manager.py:34]: 애플리케이션 시작 성공
[2025-02-22 10:41:45] INFO [log_manager.py:34]: 데이터베이스 연결 성공: G:\program\python\tensorflow\lotto\2025-02-19_Lotto_In_Use\lotto_pattern_llsm_top_number\lotto.db
[2025-02-22 10:41:45] INFO [log_manager.py:34]: 과거 데이터 조회 완료: 1159건
[2025-02-22 10:41:45] DEBUG [log_manager.py:42]: 학습 데이터 X 크기: 1159, y 크기: 1159, 특성 수: 180
[2025-02-22 10:41:45] DEBUG [log_manager.py:42]: 학습 데이터 X 샘플: [0, 0, 0, 0, 0, 0, 0, 0, 0, 0]...
[2025-02-22 10:41:45] INFO [log_manager.py:34]: 머신러닝 모델 학습 완료
[2025-02-22 10:41:45] DEBUG [log_manager.py:42]: number_stats: {1: 159, 2: 147, 3: 159, 4: 153, 5: 145, 6: 154, 7: 158, 8: 147, 9: 125, 10: 155, 11: 158, 12: 169, 13: 167, 14: 165, 15: 156, 16: 155, 17: 161, 18: 166, 19: 160, 20: 160, 21: 159, 22: 137, 23: 136, 24: 153, 25: 142, 26: 157, 27: 166, 28: 143, 29: 144, 30: 148, 31: 157, 32: 137, 33: 165, 34: 178, 35: 153, 36: 154, 37: 163, 38: 159, 39: 156, 40: 163, 41: 141, 42: 145, 43: 158, 44: 155, 45: 166}
[2025-02-22 10:41:45] DEBUG [log_manager.py:42]: time_weights: {10: 0.996548748921484, 23: 0.9620362381363244, 29: 0.9930974978429681, 33: 0.9879206212251941, 37: 0.999137187230371, 40: 0.9887834339948232, 9: 1.0, 13: 0.994823123382226, 21: 0.999137187230371, 25: 0.999137187230371, 32: 0.999137187230371, 42: 0.9801553062985332, 11: 0.9896462467644521, 16: 0.996548748921484, 19: 0.996548748921484, 27: 1.0, 31: 0.997411561691113, 14: 0.9818809318377912, 30: 0.997411561691113, 24: 0.9896462467644521, 41: 0.997411561691113, 15: 0.9930974978429681, 26: 0.998274374460742, 2: 0.9930974978429681, 8: 0.9956859361518551, 34: 0.997411561691113, 39: 1.0, 4: 0.9956859361518551, 17: 0.9887834339948232, 36: 0.993960310612597, 44: 0.994823123382226, 1: 0.994823123382226, 7: 0.998274374460742, 45: 0.997411561691113, 22: 0.9956859361518551, 38: 1.0, 6: 0.9905090595340811, 12: 0.998274374460742, 3: 1.0, 35: 0.994823123382226, 43: 0.9887834339948232, 18: 0.9922346850733391, 20: 0.998274374460742, 5: 0.998274374460742, 28: 1.0}
[2025-02-22 10:41:45] DEBUG [log_manager.py:42]: number_patterns 상위 5개: [((10, 23), 13), ((10, 29), 18), ((10, 33), 18), ((10, 37), 21), ((10, 40), 24)]
[2025-02-22 10:41:45] DEBUG [log_manager.py:42]: 특성 데이터: [159, 147, 159, 153, 145, 154, 158, 147, 125, 155]... (총 길이: 180)
[2025-02-22 10:41:45] DEBUG [log_manager.py:42]: 예측값: [ 19.50883908  14.02793714   3.80409814  30.85203396  -1.19130745
  19.7014319    2.71583296  42.42427975 -15.31544548  -3.84253113
  -2.91413875  19.48328975   1.5707054    8.93012238  46.19259374
  39.98043641   9.32255691  25.32990168 -11.27272451  22.59453531
  -0.2295362   -1.33416077  -1.60786627   5.58827517   9.74950524
   5.75556719  20.91279725  -2.80574103  17.00963592  -9.18615767
  14.39059058 -27.2542513   10.04138289   4.19550034  10.59620213
  27.65102663  -3.403603    13.99597985  38.3643311   24.7394911
  28.29686485  26.88074579   6.11652148   9.78047284  30.76112342]
[2025-02-22 10:41:45] DEBUG [log_manager.py:42]: top_scores: [(15, 46.192593743801), (8, 42.42427974614004), (16, 39.98043640845827), (39, 38.36433109640996), (4, 30.85203396107301), (45, 30.761123418034398), (41, 28.296864854219404), (36, 27.651026630877915), (42, 26.880745791614665), (18, 25.32990167588477), (40, 24.739491099684397), (20, 22.594535306922037), (27, 20.912797254266824), (6, 19.701431895767534), (1, 19.508839081215893), (12, 19.483289753214503), (29, 17.009635920958722), (31, 14.390590575009314), (2, 14.027937144870828), (38, 13.995979850027538), (35, 10.596202129712271), (33, 10.041382886630558), (44, 9.780472835499692), (25, 9.749505243693058), (17, 9.322556906184936), (14, 8.930122382606134), (43, 6.116521482259303), (26, 5.755567186282986), (24, 5.588275165145598), (34, 4.195500336276968)]
[2025-02-22 10:41:45] INFO [log_manager.py:34]: 머신러닝으로 선택된 번호: [4, 6, 8, 12, 15, 16, 18, 20, 24, 27, 36, 38, 39, 40, 42]
[2025-02-22 10:41:45] INFO [log_manager.py:34]: 예측된 번호: [4, 6, 8, 12, 15, 16, 18, 20, 24, 27, 36, 38, 39, 40, 42]
[2025-02-22 10:41:45] INFO [log_manager.py:34]: 예측 결과 저장: predictions\lotto_prediction_20250222_104145.txt
