[2025-02-22 19:07:43] INFO [log_manager.py:34]: 데이터베이스 연결 성공: G:\program\python\tensorflow\lotto\2025-02-19_Lotto_In_Use\lotto_pattern_llsm_top_number\lotto.db
[2025-02-22 19:07:43] INFO [log_manager.py:34]: 데이터베이스 유효성 검사 완료: G:\program\python\tensorflow\lotto\2025-02-19_Lotto_In_Use\lotto_pattern_llsm_top_number\lotto.db
[2025-02-22 19:07:43] INFO [log_manager.py:34]: 애플리케이션 시작 성공
[2025-02-22 19:07:56] INFO [log_manager.py:34]: 데이터베이스 연결 성공: G:\program\python\tensorflow\lotto\2025-02-19_Lotto_In_Use\lotto_pattern_llsm_top_number\lotto.db
[2025-02-22 19:07:56] INFO [log_manager.py:34]: 과거 데이터 조회 완료: 1159건
[2025-02-22 19:07:56] DEBUG [log_manager.py:42]: 학습 데이터 X 크기: 1159, y 크기: 1159, 특성 수: 180
[2025-02-22 19:07:56] DEBUG [log_manager.py:42]: 학습 데이터 X 샘플: [0, 0, 0, 0, 0, 0, 0, 0, 0, 0]...
[2025-02-22 19:07:56] INFO [log_manager.py:34]: 머신러닝 모델 학습 완료
[2025-02-22 19:07:56] DEBUG [log_manager.py:42]: number_stats: {1: 159, 2: 147, 3: 159, 4: 153, 5: 145, 6: 154, 7: 158, 8: 147, 9: 125, 10: 155, 11: 158, 12: 169, 13: 167, 14: 165, 15: 156, 16: 155, 17: 161, 18: 166, 19: 160, 20: 160, 21: 159, 22: 137, 23: 136, 24: 153, 25: 142, 26: 157, 27: 166, 28: 143, 29: 144, 30: 148, 31: 157, 32: 137, 33: 165, 34: 178, 35: 153, 36: 154, 37: 163, 38: 159, 39: 156, 40: 163, 41: 141, 42: 145, 43: 158, 44: 155, 45: 166}
[2025-02-22 19:07:56] DEBUG [log_manager.py:42]: time_weights: {10: 0.996548748921484, 23: 0.9620362381363244, 29: 0.9930974978429681, 33: 0.9879206212251941, 37: 0.999137187230371, 40: 0.9887834339948232, 9: 1.0, 13: 0.994823123382226, 21: 0.999137187230371, 25: 0.999137187230371, 32: 0.999137187230371, 42: 0.9801553062985332, 11: 0.9896462467644521, 16: 0.996548748921484, 19: 0.996548748921484, 27: 1.0, 31: 0.997411561691113, 14: 0.9818809318377912, 30: 0.997411561691113, 24: 0.9896462467644521, 41: 0.997411561691113, 15: 0.9930974978429681, 26: 0.998274374460742, 2: 0.9930974978429681, 8: 0.9956859361518551, 34: 0.997411561691113, 39: 1.0, 4: 0.9956859361518551, 17: 0.9887834339948232, 36: 0.993960310612597, 44: 0.994823123382226, 1: 0.994823123382226, 7: 0.998274374460742, 45: 0.997411561691113, 22: 0.9956859361518551, 38: 1.0, 6: 0.9905090595340811, 12: 0.998274374460742, 3: 1.0, 35: 0.994823123382226, 43: 0.9887834339948232, 18: 0.9922346850733391, 20: 0.998274374460742, 5: 0.998274374460742, 28: 1.0}
[2025-02-22 19:07:56] DEBUG [log_manager.py:42]: number_patterns 상위 5개: [((10, 23), 13), ((10, 29), 18), ((10, 33), 18), ((10, 37), 21), ((10, 40), 24)]
[2025-02-22 19:07:56] DEBUG [log_manager.py:42]: 특성 데이터: [159, 147, 159, 153, 145, 154, 158, 147, 125, 155]... (총 길이: 180)
[2025-02-22 19:07:56] DEBUG [log_manager.py:42]: 예측값: [  3.79239647   9.82007459  13.83762041   9.60279313   4.20036272
  -1.91461121   6.74346782  22.61730447  20.53469851   0.53974953
  21.56983247 -10.23321654  16.16624231 -14.39149982   0.40166704
  -0.47672723  20.8547463   22.18309042  18.02906977   9.50732523
  31.50374819  -4.12164895  18.1500809   29.86663559  -1.80060066
  -6.03912727  25.19760914   0.60159867  17.57370943 -13.91202713
  22.74042042  -0.05782874  24.22633206   9.4909205    9.08329405
  35.56809677  34.5525756   12.88045196   5.58529004  -6.53840351
  24.78885755  24.96706626  25.55140287  17.19451343  27.47386171]
[2025-02-22 19:07:56] DEBUG [log_manager.py:42]: top_scores: [(36, 35.56809677218877), (37, 34.55257560472643), (21, 31.503748186380168), (24, 29.866635587361152), (45, 27.473861711419886), (43, 25.551402874329145), (27, 25.197609144931583), (42, 24.96706626112445), (41, 24.78885755095947), (33, 24.226332058770673), (31, 22.740420424257625), (8, 22.61730446636614), (18, 22.18309042038352), (11, 21.569832473507848), (17, 20.854746303802692), (9, 20.534698512186626), (23, 18.15008090375463), (19, 18.02906976877825), (29, 17.573709430485323), (44, 17.194513429748003), (13, 16.166242314679074), (3, 13.8376204121798), (38, 12.880451960546623), (2, 9.820074587302951), (4, 9.602793125811504), (20, 9.507325231986187), (34, 9.490920499612013), (35, 9.083294046548822), (7, 6.743467818036703), (39, 5.585290037801817)]
[2025-02-22 19:07:56] INFO [log_manager.py:34]: 머신러닝으로 선택된 번호: [4, 9, 11, 17, 18, 19, 21, 23, 24, 29, 31, 36, 41, 42, 45]
[2025-02-22 19:07:56] INFO [log_manager.py:34]: 예측된 번호: [4, 9, 11, 17, 18, 19, 21, 23, 24, 29, 31, 36, 41, 42, 45]
[2025-02-22 19:07:56] INFO [log_manager.py:34]: 예측 결과 저장: predictions\lotto_prediction_20250222_190756.txt
