[2025-02-15 14:48:47] INFO: Application started successfully
[2025-02-15 14:48:54] INFO: Starting prediction process
[2025-02-15 14:48:54] INFO: Database connected successfully
[2025-02-15 14:48:54] INFO: Retrieving 200 historical data
[2025-02-15 14:48:54] INFO: Retrieved 200 records
[2025-02-15 14:48:54] INFO: 학습 설정: 최근 200회차, 반복 횟수: 100
[2025-02-15 14:48:54] INFO: 
=== 959회차 학습 시작 ===
[2025-02-15 14:48:54] INFO: 실제 당첨번호: [1, 14, 15, 24, 40, 41]
[2025-02-15 14:48:57] INFO: 학습 완료:
- 최고 점수: 17.06
- 매칭 통계:
  0개 일치: 16회 (16.00%)
  1개 일치: 25회 (25.00%)
  2개 일치: 35회 (35.00%)
  3개 일치: 21회 (21.00%)
  4개 일치: 3회 (3.00%)

[2025-02-15 14:48:57] INFO: 
=== 960회차 학습 시작 ===
[2025-02-15 14:48:57] INFO: 실제 당첨번호: [2, 18, 24, 30, 32, 45]
[2025-02-15 14:48:59] INFO: 학습 완료:
- 최고 점수: 3.03
- 매칭 통계:
  0개 일치: 13회 (13.00%)
  1개 일치: 50회 (50.00%)
  2개 일치: 27회 (27.00%)
  3개 일치: 9회 (9.00%)
  4개 일치: 1회 (1.00%)

[2025-02-15 14:48:59] INFO: 
=== 961회차 학습 시작 ===
[2025-02-15 14:48:59] INFO: 실제 당첨번호: [11, 20, 29, 31, 33, 42]
[2025-02-15 14:49:01] INFO: 학습 완료:
- 최고 점수: 0.48
- 매칭 통계:
  0개 일치: 61회 (61.00%)
  1개 일치: 35회 (35.00%)
  2개 일치: 4회 (4.00%)

[2025-02-15 14:49:01] INFO: 
=== 962회차 학습 시작 ===
[2025-02-15 14:49:01] INFO: 실제 당첨번호: [1, 18, 28, 31, 34, 43]
[2025-02-15 14:49:04] INFO: 학습 완료:
- 최고 점수: 2.04
- 매칭 통계:
  0개 일치: 17회 (17.00%)
  1개 일치: 50회 (50.00%)
  2개 일치: 26회 (26.00%)
  3개 일치: 6회 (6.00%)
  4개 일치: 1회 (1.00%)

[2025-02-15 14:49:04] INFO: 
=== 963회차 학습 시작 ===
[2025-02-15 14:49:04] INFO: 실제 당첨번호: [6, 12, 19, 23, 34, 42]
[2025-02-15 14:49:06] INFO: 학습 완료:
- 최고 점수: 0.31
- 매칭 통계:
  0개 일치: 58회 (58.00%)
  1개 일치: 39회 (39.00%)
  2개 일치: 2회 (2.00%)
  3개 일치: 1회 (1.00%)

[2025-02-15 14:49:06] INFO: 
=== 964회차 학습 시작 ===
[2025-02-15 14:49:06] INFO: 실제 당첨번호: [6, 21, 36, 38, 39, 43]
[2025-02-15 14:49:08] INFO: 학습 완료:
- 최고 점수: 0.37
- 매칭 통계:
  0개 일치: 64회 (64.00%)
  1개 일치: 32회 (32.00%)
  2개 일치: 3회 (3.00%)
  3개 일치: 1회 (1.00%)

[2025-02-15 14:49:08] INFO: 
=== 965회차 학습 시작 ===
[2025-02-15 14:49:08] INFO: 실제 당첨번호: [2, 13, 25, 28, 29, 36]
[2025-02-15 14:49:11] INFO: 학습 완료:
- 최고 점수: 0.72
- 매칭 통계:
  0개 일치: 39회 (39.00%)
  1개 일치: 43회 (43.00%)
  2개 일치: 17회 (17.00%)
  4개 일치: 1회 (1.00%)

[2025-02-15 14:49:11] INFO: 
=== 966회차 학습 시작 ===
[2025-02-15 14:49:11] INFO: 실제 당첨번호: [1, 21, 25, 29, 34, 37]
[2025-02-15 14:49:13] INFO: 학습 완료:
- 최고 점수: 2.34
- 매칭 통계:
  0개 일치: 11회 (11.00%)
  1개 일치: 46회 (46.00%)
  2개 일치: 30회 (30.00%)
  3개 일치: 12회 (12.00%)
  4개 일치: 1회 (1.00%)

[2025-02-15 14:49:13] INFO: 
=== 967회차 학습 시작 ===
[2025-02-15 14:49:13] INFO: 실제 당첨번호: [1, 6, 13, 37, 38, 40]
[2025-02-15 14:49:15] INFO: 학습 완료:
- 최고 점수: 1.99
- 매칭 통계:
  0개 일치: 9회 (9.00%)
  1개 일치: 52회 (52.00%)
  2개 일치: 27회 (27.00%)
  3개 일치: 11회 (11.00%)
  4개 일치: 1회 (1.00%)

[2025-02-15 14:49:15] INFO: 
=== 968회차 학습 시작 ===
[2025-02-15 14:49:15] INFO: 실제 당첨번호: [2, 5, 12, 14, 24, 39]
[2025-02-15 14:49:17] INFO: 학습 완료:
- 최고 점수: 2.17
- 매칭 통계:
  0개 일치: 12회 (12.00%)
  1개 일치: 44회 (44.00%)
  2개 일치: 34회 (34.00%)
  3개 일치: 10회 (10.00%)

[2025-02-15 14:49:17] INFO: 
=== 969회차 학습 시작 ===
[2025-02-15 14:49:17] INFO: 실제 당첨번호: [3, 9, 10, 29, 40, 45]
[2025-02-15 14:49:20] INFO: 학습 완료:
- 최고 점수: 0.60
- 매칭 통계:
  0개 일치: 35회 (35.00%)
  1개 일치: 44회 (44.00%)
  2개 일치: 19회 (19.00%)
  3개 일치: 2회 (2.00%)

[2025-02-15 14:49:20] INFO: 
=== 970회차 학습 시작 ===
[2025-02-15 14:49:20] INFO: 실제 당첨번호: [9, 11, 16, 21, 28, 36]
[2025-02-15 14:49:23] INFO: 학습 완료:
- 최고 점수: 0.21
- 매칭 통계:
  0개 일치: 60회 (60.00%)
  1개 일치: 33회 (33.00%)
  2개 일치: 7회 (7.00%)

[2025-02-15 14:49:23] INFO: 
=== 971회차 학습 시작 ===
[2025-02-15 14:49:23] INFO: 실제 당첨번호: [2, 6, 17, 18, 21, 26]
[2025-02-15 14:49:25] INFO: 학습 완료:
- 최고 점수: 0.97
- 매칭 통계:
  0개 일치: 27회 (27.00%)
  1개 일치: 51회 (51.00%)
  2개 일치: 20회 (20.00%)
  3개 일치: 2회 (2.00%)

[2025-02-15 14:49:25] INFO: 
=== 972회차 학습 시작 ===
[2025-02-15 14:49:25] INFO: 실제 당첨번호: [3, 6, 17, 23, 37, 39]
[2025-02-15 14:49:27] INFO: 학습 완료:
- 최고 점수: 0.47
- 매칭 통계:
  0개 일치: 42회 (42.00%)
  1개 일치: 42회 (42.00%)
  2개 일치: 15회 (15.00%)
  3개 일치: 1회 (1.00%)

[2025-02-15 14:49:27] INFO: 
=== 973회차 학습 시작 ===
[2025-02-15 14:49:27] INFO: 실제 당첨번호: [22, 26, 31, 37, 41, 42]
[2025-02-15 14:49:30] INFO: 학습 완료:
- 최고 점수: 0.45
- 매칭 통계:
  0개 일치: 49회 (49.00%)
  1개 일치: 38회 (38.00%)
  2개 일치: 10회 (10.00%)
  3개 일치: 3회 (3.00%)

[2025-02-15 14:49:30] INFO: 
=== 974회차 학습 시작 ===
[2025-02-15 14:49:30] INFO: 실제 당첨번호: [1, 2, 11, 16, 39, 44]
[2025-02-15 14:49:32] INFO: 학습 완료:
- 최고 점수: 1.05
- 매칭 통계:
  0개 일치: 15회 (15.00%)
  1개 일치: 47회 (47.00%)
  2개 일치: 34회 (34.00%)
  3개 일치: 4회 (4.00%)

[2025-02-15 14:49:32] INFO: 
=== 975회차 학습 시작 ===
[2025-02-15 14:49:32] INFO: 실제 당첨번호: [7, 8, 9, 17, 22, 24]
[2025-02-15 14:49:35] INFO: 학습 완료:
- 최고 점수: 0.30
- 매칭 통계:
  0개 일치: 38회 (38.00%)
  1개 일치: 49회 (49.00%)
  2개 일치: 12회 (12.00%)
  3개 일치: 1회 (1.00%)

[2025-02-15 14:49:35] INFO: 
=== 976회차 학습 시작 ===
[2025-02-15 14:49:35] INFO: 실제 당첨번호: [4, 12, 14, 25, 35, 37]
[2025-02-15 14:49:37] INFO: 학습 완료:
- 최고 점수: 0.53
- 매칭 통계:
  0개 일치: 34회 (34.00%)
  1개 일치: 43회 (43.00%)
  2개 일치: 23회 (23.00%)

[2025-02-15 14:49:37] INFO: 
=== 977회차 학습 시작 ===
[2025-02-15 14:49:37] INFO: 실제 당첨번호: [2, 9, 10, 14, 22, 44]
[2025-02-15 14:49:39] INFO: 학습 완료:
- 최고 점수: 0.62
- 매칭 통계:
  0개 일치: 32회 (32.00%)
  1개 일치: 48회 (48.00%)
  2개 일치: 20회 (20.00%)

[2025-02-15 14:49:39] INFO: 
=== 978회차 학습 시작 ===
[2025-02-15 14:49:39] INFO: 실제 당첨번호: [1, 7, 15, 32, 34, 42]
[2025-02-15 14:49:42] INFO: 학습 완료:
- 최고 점수: 1.29
- 매칭 통계:
  0개 일치: 19회 (19.00%)
  1개 일치: 44회 (44.00%)
  2개 일치: 33회 (33.00%)
  3개 일치: 3회 (3.00%)
  4개 일치: 1회 (1.00%)

[2025-02-15 14:49:42] INFO: 
=== 979회차 학습 시작 ===
[2025-02-15 14:49:42] INFO: 실제 당첨번호: [7, 11, 16, 21, 27, 33]
[2025-02-15 14:49:44] INFO: 학습 완료:
- 최고 점수: 0.14
- 매칭 통계:
  0개 일치: 67회 (67.00%)
  1개 일치: 29회 (29.00%)
  2개 일치: 4회 (4.00%)

[2025-02-15 14:49:44] INFO: 
=== 980회차 학습 시작 ===
[2025-02-15 14:49:44] INFO: 실제 당첨번호: [3, 13, 16, 23, 24, 35]
[2025-02-15 14:49:47] INFO: 학습 완료:
- 최고 점수: 0.34
- 매칭 통계:
  0개 일치: 28회 (28.00%)
  1개 일치: 55회 (55.00%)
  2개 일치: 17회 (17.00%)

[2025-02-15 14:49:47] INFO: 
=== 981회차 학습 시작 ===
[2025-02-15 14:49:47] INFO: 실제 당첨번호: [27, 36, 37, 41, 43, 45]
[2025-02-15 14:49:49] INFO: 학습 완료:
- 최고 점수: 0.45
- 매칭 통계:
  0개 일치: 47회 (47.00%)
  1개 일치: 41회 (41.00%)
  2개 일치: 11회 (11.00%)
  3개 일치: 1회 (1.00%)

[2025-02-15 14:49:49] INFO: 
=== 982회차 학습 시작 ===
[2025-02-15 14:49:49] INFO: 실제 당첨번호: [5, 7, 13, 20, 21, 44]
[2025-02-15 14:49:52] INFO: 학습 완료:
- 최고 점수: 0.18
- 매칭 통계:
  0개 일치: 68회 (68.00%)
  1개 일치: 27회 (27.00%)
  2개 일치: 5회 (5.00%)

[2025-02-15 14:49:52] INFO: 
=== 983회차 학습 시작 ===
[2025-02-15 14:49:52] INFO: 실제 당첨번호: [13, 23, 26, 31, 35, 43]
[2025-02-15 14:49:54] INFO: 학습 완료:
- 최고 점수: 0.25
- 매칭 통계:
  0개 일치: 64회 (64.00%)
  1개 일치: 33회 (33.00%)
  2개 일치: 2회 (2.00%)
  3개 일치: 1회 (1.00%)

[2025-02-15 14:49:54] INFO: 
=== 984회차 학습 시작 ===
[2025-02-15 14:49:54] INFO: 실제 당첨번호: [3, 10, 23, 35, 36, 37]
[2025-02-15 14:49:56] INFO: 학습 완료:
- 최고 점수: 0.34
- 매칭 통계:
  0개 일치: 43회 (43.00%)
  1개 일치: 48회 (48.00%)
  2개 일치: 8회 (8.00%)
  3개 일치: 1회 (1.00%)

[2025-02-15 14:49:56] INFO: 
=== 985회차 학습 시작 ===
[2025-02-15 14:49:56] INFO: 실제 당첨번호: [17, 21, 23, 30, 34, 44]
[2025-02-15 14:49:59] INFO: 학습 완료:
- 최고 점수: 0.43
- 매칭 통계:
  0개 일치: 39회 (39.00%)
  1개 일치: 49회 (49.00%)
  2개 일치: 10회 (10.00%)
  3개 일치: 2회 (2.00%)

[2025-02-15 14:49:59] INFO: 
=== 986회차 학습 시작 ===
[2025-02-15 14:49:59] INFO: 실제 당첨번호: [7, 10, 16, 28, 41, 42]
[2025-02-15 14:50:01] INFO: 학습 완료:
- 최고 점수: 0.32
- 매칭 통계:
  0개 일치: 53회 (53.00%)
  1개 일치: 39회 (39.00%)
  2개 일치: 7회 (7.00%)
  3개 일치: 1회 (1.00%)

[2025-02-15 14:50:01] INFO: 
=== 987회차 학습 시작 ===
[2025-02-15 14:50:01] INFO: 실제 당첨번호: [2, 4, 15, 23, 29, 38]
[2025-02-15 14:50:04] INFO: 학습 완료:
- 최고 점수: 0.90
- 매칭 통계:
  0개 일치: 32회 (32.00%)
  1개 일치: 42회 (42.00%)
  2개 일치: 21회 (21.00%)
  3개 일치: 5회 (5.00%)

[2025-02-15 14:50:04] INFO: 
=== 988회차 학습 시작 ===
[2025-02-15 14:50:04] INFO: 실제 당첨번호: [2, 13, 20, 30, 31, 41]
[2025-02-15 14:50:06] INFO: 학습 완료:
- 최고 점수: 0.71
- 매칭 통계:
  0개 일치: 26회 (26.00%)
  1개 일치: 53회 (53.00%)
  2개 일치: 19회 (19.00%)
  3개 일치: 2회 (2.00%)

[2025-02-15 14:50:06] INFO: 
=== 989회차 학습 시작 ===
[2025-02-15 14:50:06] INFO: 실제 당첨번호: [17, 18, 21, 27, 29, 33]
[2025-02-15 14:50:08] INFO: 학습 완료:
- 최고 점수: 0.67
- 매칭 통계:
  0개 일치: 39회 (39.00%)
  1개 일치: 37회 (37.00%)
  2개 일치: 22회 (22.00%)
  3개 일치: 2회 (2.00%)

[2025-02-15 14:50:08] INFO: 
=== 990회차 학습 시작 ===
[2025-02-15 14:50:08] INFO: 실제 당첨번호: [2, 4, 25, 26, 36, 37]
[2025-02-15 14:50:11] INFO: 학습 완료:
- 최고 점수: 0.85
- 매칭 통계:
  0개 일치: 20회 (20.00%)
  1개 일치: 53회 (53.00%)
  2개 일치: 26회 (26.00%)
  3개 일치: 1회 (1.00%)

[2025-02-15 14:50:11] INFO: 
=== 991회차 학습 시작 ===
[2025-02-15 14:50:11] INFO: 실제 당첨번호: [13, 18, 25, 31, 33, 44]
[2025-02-15 14:50:13] INFO: 학습 완료:
- 최고 점수: 0.44
- 매칭 통계:
  0개 일치: 43회 (43.00%)
  1개 일치: 43회 (43.00%)
  2개 일치: 12회 (12.00%)
  3개 일치: 2회 (2.00%)

[2025-02-15 14:50:13] INFO: 
=== 992회차 학습 시작 ===
[2025-02-15 14:50:13] INFO: 실제 당첨번호: [12, 20, 26, 33, 44, 45]
[2025-02-15 14:50:15] INFO: 학습 완료:
- 최고 점수: 0.26
- 매칭 통계:
  0개 일치: 71회 (71.00%)
  1개 일치: 26회 (26.00%)
  2개 일치: 2회 (2.00%)
  3개 일치: 1회 (1.00%)

[2025-02-15 14:50:15] INFO: 
=== 993회차 학습 시작 ===
[2025-02-15 14:50:15] INFO: 실제 당첨번호: [6, 14, 16, 18, 24, 42]
[2025-02-15 14:50:18] INFO: 학습 완료:
- 최고 점수: 1.90
- 매칭 통계:
  0개 일치: 25회 (25.00%)
  1개 일치: 35회 (35.00%)
  2개 일치: 25회 (25.00%)
  3개 일치: 13회 (13.00%)
  4개 일치: 2회 (2.00%)

[2025-02-15 14:50:18] INFO: 
=== 994회차 학습 시작 ===
[2025-02-15 14:50:18] INFO: 실제 당첨번호: [1, 3, 8, 24, 27, 35]
[2025-02-15 14:50:20] INFO: 학습 완료:
- 최고 점수: 1.09
- 매칭 통계:
  0개 일치: 11회 (11.00%)
  1개 일치: 48회 (48.00%)
  2개 일치: 38회 (38.00%)
  3개 일치: 3회 (3.00%)

[2025-02-15 14:50:20] INFO: 
=== 995회차 학습 시작 ===
[2025-02-15 14:50:20] INFO: 실제 당첨번호: [1, 4, 13, 29, 38, 39]
[2025-02-15 14:50:23] INFO: 학습 완료:
- 최고 점수: 1.14
- 매칭 통계:
  0개 일치: 16회 (16.00%)
  1개 일치: 51회 (51.00%)
  2개 일치: 23회 (23.00%)
  3개 일치: 10회 (10.00%)

[2025-02-15 14:50:23] INFO: 
=== 996회차 학습 시작 ===
[2025-02-15 14:50:23] INFO: 실제 당첨번호: [6, 11, 15, 24, 32, 39]
[2025-02-15 14:50:25] INFO: 학습 완료:
- 최고 점수: 0.89
- 매칭 통계:
  0개 일치: 18회 (18.00%)
  1개 일치: 63회 (63.00%)
  2개 일치: 17회 (17.00%)
  3개 일치: 2회 (2.00%)

[2025-02-15 14:50:25] INFO: 
=== 997회차 학습 시작 ===
[2025-02-15 14:50:25] INFO: 실제 당첨번호: [4, 7, 14, 16, 24, 44]
[2025-02-15 14:50:27] INFO: 학습 완료:
- 최고 점수: 0.99
- 매칭 통계:
  0개 일치: 21회 (21.00%)
  1개 일치: 53회 (53.00%)
  2개 일치: 23회 (23.00%)
  3개 일치: 3회 (3.00%)

[2025-02-15 14:50:27] INFO: 
=== 998회차 학습 시작 ===
[2025-02-15 14:50:27] INFO: 실제 당첨번호: [13, 17, 18, 20, 42, 45]
[2025-02-15 14:50:30] INFO: 학습 완료:
- 최고 점수: 0.57
- 매칭 통계:
  0개 일치: 43회 (43.00%)
  1개 일치: 46회 (46.00%)
  2개 일치: 10회 (10.00%)
  3개 일치: 1회 (1.00%)

[2025-02-15 14:50:30] INFO: 
=== 999회차 학습 시작 ===
[2025-02-15 14:50:30] INFO: 실제 당첨번호: [1, 3, 9, 14, 18, 28]
[2025-02-15 14:50:32] INFO: 학습 완료:
- 최고 점수: 1.96
- 매칭 통계:
  0개 일치: 6회 (6.00%)
  1개 일치: 44회 (44.00%)
  2개 일치: 38회 (38.00%)
  3개 일치: 12회 (12.00%)

[2025-02-15 14:50:32] INFO: 
=== 1000회차 학습 시작 ===
[2025-02-15 14:50:32] INFO: 실제 당첨번호: [2, 8, 19, 22, 32, 42]
[2025-02-15 14:50:35] INFO: 학습 완료:
- 최고 점수: 0.28
- 매칭 통계:
  0개 일치: 39회 (39.00%)
  1개 일치: 47회 (47.00%)
  2개 일치: 14회 (14.00%)

[2025-02-15 14:50:35] INFO: 
=== 1001회차 학습 시작 ===
[2025-02-15 14:50:35] INFO: 실제 당첨번호: [6, 10, 12, 14, 20, 42]
[2025-02-15 14:50:37] INFO: 학습 완료:
- 최고 점수: 0.78
- 매칭 통계:
  0개 일치: 31회 (31.00%)
  1개 일치: 57회 (57.00%)
  2개 일치: 11회 (11.00%)
  3개 일치: 1회 (1.00%)

[2025-02-15 14:50:37] INFO: 
=== 1002회차 학습 시작 ===
[2025-02-15 14:50:37] INFO: 실제 당첨번호: [17, 25, 33, 35, 38, 45]
[2025-02-15 14:50:39] INFO: 학습 완료:
- 최고 점수: 0.21
- 매칭 통계:
  0개 일치: 36회 (36.00%)
  1개 일치: 19회 (19.00%)
  2개 일치: 7회 (7.00%)
  3개 일치: 1회 (1.00%)

[2025-02-15 14:50:44] INFO: Starting prediction process
[2025-02-15 14:50:44] INFO: Database connected successfully
[2025-02-15 14:50:44] INFO: Retrieving 50 historical data
[2025-02-15 14:50:44] INFO: Retrieved 50 records
[2025-02-15 14:50:44] INFO: 학습 설정: 최근 50회차, 반복 횟수: 100
[2025-02-15 14:50:44] INFO: 
=== 1109회차 학습 시작 ===
[2025-02-15 14:50:44] INFO: 실제 당첨번호: [10, 12, 13, 19, 33, 40]
[2025-02-15 14:50:46] INFO: 학습 완료:
- 최고 점수: 21.51
- 매칭 통계:
  0개 일치: 10회 (10.00%)
  1개 일치: 30회 (30.00%)
  2개 일치: 23회 (23.00%)
  3개 일치: 23회 (23.00%)
  4개 일치: 13회 (13.00%)
  5개 일치: 1회 (1.00%)

[2025-02-15 14:50:47] INFO: 
=== 1110회차 학습 시작 ===
[2025-02-15 14:50:47] INFO: 실제 당첨번호: [3, 7, 11, 20, 22, 41]
[2025-02-15 14:50:49] INFO: 학습 완료:
- 최고 점수: 0.56
- 매칭 통계:
  0개 일치: 49회 (49.00%)
  1개 일치: 38회 (38.00%)
  2개 일치: 11회 (11.00%)
  3개 일치: 2회 (2.00%)

[2025-02-15 14:50:49] INFO: 
=== 1111회차 학습 시작 ===
[2025-02-15 14:50:49] INFO: 실제 당첨번호: [3, 13, 30, 33, 43, 45]
[2025-02-15 14:50:52] INFO: 학습 완료:
- 최고 점수: 3.26
- 매칭 통계:
  0개 일치: 11회 (11.00%)
  1개 일치: 39회 (39.00%)
  2개 일치: 38회 (38.00%)
  3개 일치: 11회 (11.00%)
  4개 일치: 1회 (1.00%)

[2025-02-15 14:50:52] INFO: 
=== 1112회차 학습 시작 ===
[2025-02-15 14:50:52] INFO: 실제 당첨번호: [16, 20, 26, 36, 42, 44]
[2025-02-15 14:50:54] INFO: 학습 완료:
- 최고 점수: 0.24
- 매칭 통계:
  0개 일치: 67회 (67.00%)
  1개 일치: 27회 (27.00%)
  2개 일치: 6회 (6.00%)

[2025-02-15 14:50:54] INFO: 
=== 1113회차 학습 시작 ===
[2025-02-15 14:50:54] INFO: 실제 당첨번호: [11, 13, 20, 21, 32, 44]
[2025-02-15 14:50:56] INFO: 학습 완료:
- 최고 점수: 2.20
- 매칭 통계:
  0개 일치: 5회 (5.00%)
  1개 일치: 46회 (46.00%)
  2개 일치: 42회 (42.00%)
  3개 일치: 7회 (7.00%)

[2025-02-15 14:50:56] INFO: 
=== 1114회차 학습 시작 ===
[2025-02-15 14:50:56] INFO: 실제 당첨번호: [10, 16, 19, 32, 33, 38]
[2025-02-15 14:50:59] INFO: 학습 완료:
- 최고 점수: 3.64
- 매칭 통계:
  0개 일치: 7회 (7.00%)
  1개 일치: 32회 (32.00%)
  2개 일치: 44회 (44.00%)
  3개 일치: 14회 (14.00%)
  4개 일치: 3회 (3.00%)

[2025-02-15 14:50:59] INFO: 
=== 1115회차 학습 시작 ===
[2025-02-15 14:50:59] INFO: 실제 당첨번호: [7, 12, 23, 32, 34, 36]
[2025-02-15 14:51:01] INFO: 학습 완료:
- 최고 점수: 0.69
- 매칭 통계:
  0개 일치: 37회 (37.00%)
  1개 일치: 46회 (46.00%)
  2개 일치: 15회 (15.00%)
  3개 일치: 2회 (2.00%)

[2025-02-15 14:51:01] INFO: 
=== 1116회차 학습 시작 ===
[2025-02-15 14:51:01] INFO: 실제 당첨번호: [15, 16, 17, 25, 30, 31]
[2025-02-15 14:51:04] INFO: 학습 완료:
- 최고 점수: 0.12
- 매칭 통계:
  0개 일치: 70회 (70.00%)
  1개 일치: 25회 (25.00%)
  2개 일치: 5회 (5.00%)

[2025-02-15 14:51:04] INFO: 
=== 1117회차 학습 시작 ===
[2025-02-15 14:51:04] INFO: 실제 당첨번호: [3, 4, 9, 30, 33, 36]
[2025-02-15 14:51:07] INFO: 학습 완료:
- 최고 점수: 1.18
- 매칭 통계:
  0개 일치: 11회 (11.00%)
  1개 일치: 52회 (52.00%)
  2개 일치: 31회 (31.00%)
  3개 일치: 6회 (6.00%)

[2025-02-15 14:51:07] INFO: 
=== 1118회차 학습 시작 ===
[2025-02-15 14:51:07] INFO: 실제 당첨번호: [11, 13, 14, 15, 16, 45]
[2025-02-15 14:51:09] INFO: 학습 완료:
- 최고 점수: 1.61
- 매칭 통계:
  0개 일치: 10회 (10.00%)
  1개 일치: 43회 (43.00%)
  2개 일치: 36회 (36.00%)
  3개 일치: 11회 (11.00%)

[2025-02-15 14:51:09] INFO: 
=== 1119회차 학습 시작 ===
[2025-02-15 14:51:09] INFO: 실제 당첨번호: [1, 9, 12, 13, 20, 45]
[2025-02-15 14:51:11] INFO: 학습 완료:
- 최고 점수: 1.57
- 매칭 통계:
  0개 일치: 4회 (4.00%)
  1개 일치: 50회 (50.00%)
  2개 일치: 38회 (38.00%)
  3개 일치: 8회 (8.00%)

[2025-02-15 14:51:11] INFO: 
=== 1120회차 학습 시작 ===
[2025-02-15 14:51:11] INFO: 실제 당첨번호: [2, 19, 26, 31, 38, 41]
[2025-02-15 14:51:14] INFO: 학습 완료:
- 최고 점수: 0.28
- 매칭 통계:
  0개 일치: 47회 (47.00%)
  1개 일치: 48회 (48.00%)
  2개 일치: 5회 (5.00%)

[2025-02-15 14:51:14] INFO: 
=== 1121회차 학습 시작 ===
[2025-02-15 14:51:14] INFO: 실제 당첨번호: [6, 24, 31, 32, 38, 44]
[2025-02-15 14:51:16] INFO: 학습 완료:
- 최고 점수: 0.26
- 매칭 통계:
  0개 일치: 48회 (48.00%)
  1개 일치: 46회 (46.00%)
  2개 일치: 6회 (6.00%)

[2025-02-15 14:51:16] INFO: 
=== 1122회차 학습 시작 ===
[2025-02-15 14:51:16] INFO: 실제 당첨번호: [3, 6, 21, 30, 34, 35]
[2025-02-15 14:51:19] INFO: 학습 완료:
- 최고 점수: 0.26
- 매칭 통계:
  0개 일치: 45회 (45.00%)
  1개 일치: 46회 (46.00%)
  2개 일치: 8회 (8.00%)
  3개 일치: 1회 (1.00%)

[2025-02-15 14:51:19] INFO: 
=== 1123회차 학습 시작 ===
[2025-02-15 14:51:19] INFO: 실제 당첨번호: [13, 19, 21, 24, 34, 35]
[2025-02-15 14:51:21] INFO: 학습 완료:
- 최고 점수: 1.30
- 매칭 통계:
  0개 일치: 10회 (10.00%)
  1개 일치: 39회 (39.00%)
  2개 일치: 44회 (44.00%)
  3개 일치: 6회 (6.00%)
  4개 일치: 1회 (1.00%)

[2025-02-15 14:51:21] INFO: 
=== 1124회차 학습 시작 ===
[2025-02-15 14:51:21] INFO: 실제 당첨번호: [3, 8, 17, 30, 33, 34]
[2025-02-15 14:51:24] INFO: 학습 완료:
- 최고 점수: 1.26
- 매칭 통계:
  0개 일치: 7회 (7.00%)
  1개 일치: 49회 (49.00%)
  2개 일치: 38회 (38.00%)
  3개 일치: 6회 (6.00%)

[2025-02-15 14:51:24] INFO: 
=== 1125회차 학습 시작 ===
[2025-02-15 14:51:24] INFO: 실제 당첨번호: [6, 14, 25, 33, 40, 44]
[2025-02-15 14:51:26] INFO: 학습 완료:
- 최고 점수: 0.86
- 매칭 통계:
  0개 일치: 15회 (15.00%)
  1개 일치: 57회 (57.00%)
  2개 일치: 23회 (23.00%)
  3개 일치: 5회 (5.00%)

[2025-02-15 14:51:26] INFO: 
=== 1126회차 학습 시작 ===
[2025-02-15 14:51:26] INFO: 실제 당첨번호: [4, 5, 9, 11, 37, 40]
[2025-02-15 14:51:29] INFO: 학습 완료:
- 최고 점수: 0.45
- 매칭 통계:
  0개 일치: 27회 (27.00%)
  1개 일치: 52회 (52.00%)
  2개 일치: 19회 (19.00%)
  3개 일치: 2회 (2.00%)

[2025-02-15 14:51:29] INFO: 
=== 1127회차 학습 시작 ===
[2025-02-15 14:51:29] INFO: 실제 당첨번호: [10, 15, 24, 30, 31, 37]
[2025-02-15 14:51:31] INFO: 학습 완료:
- 최고 점수: 0.40
- 매칭 통계:
  0개 일치: 50회 (50.00%)
  1개 일치: 33회 (33.00%)
  2개 일치: 17회 (17.00%)

[2025-02-15 14:51:31] INFO: 
=== 1128회차 학습 시작 ===
[2025-02-15 14:51:31] INFO: 실제 당첨번호: [1, 5, 8, 16, 28, 33]
[2025-02-15 14:51:34] INFO: 학습 완료:
- 최고 점수: 0.53
- 매칭 통계:
  0개 일치: 23회 (23.00%)
  1개 일치: 62회 (62.00%)
  2개 일치: 15회 (15.00%)

[2025-02-15 14:51:34] INFO: 
=== 1129회차 학습 시작 ===
[2025-02-15 14:51:34] INFO: 실제 당첨번호: [5, 10, 11, 17, 28, 34]
[2025-02-15 14:51:36] INFO: 학습 완료:
- 최고 점수: 0.78
- 매칭 통계:
  0개 일치: 25회 (25.00%)
  1개 일치: 43회 (43.00%)
  2개 일치: 26회 (26.00%)
  3개 일치: 6회 (6.00%)

[2025-02-15 14:51:36] INFO: 
=== 1130회차 학습 시작 ===
[2025-02-15 14:51:36] INFO: 실제 당첨번호: [15, 19, 21, 25, 27, 28]
[2025-02-15 14:51:39] INFO: 학습 완료:
- 최고 점수: 0.23
- 매칭 통계:
  0개 일치: 39회 (39.00%)
  1개 일치: 48회 (48.00%)
  2개 일치: 12회 (12.00%)
  3개 일치: 1회 (1.00%)

[2025-02-15 14:51:39] INFO: 
=== 1131회차 학습 시작 ===
[2025-02-15 14:51:39] INFO: 실제 당첨번호: [1, 2, 6, 14, 27, 38]
[2025-02-15 14:51:41] INFO: 학습 완료:
- 최고 점수: 0.10
- 매칭 통계:
  0개 일치: 77회 (77.00%)
  1개 일치: 22회 (22.00%)
  2개 일치: 1회 (1.00%)

[2025-02-15 14:51:41] INFO: 
=== 1132회차 학습 시작 ===
[2025-02-15 14:51:41] INFO: 실제 당첨번호: [6, 7, 19, 28, 34, 41]
[2025-02-15 14:51:44] INFO: 학습 완료:
- 최고 점수: 0.50
- 매칭 통계:
  0개 일치: 26회 (26.00%)
  1개 일치: 65회 (65.00%)
  2개 일치: 9회 (9.00%)

[2025-02-15 14:51:44] INFO: 
=== 1133회차 학습 시작 ===
[2025-02-15 14:51:44] INFO: 실제 당첨번호: [13, 14, 20, 28, 29, 34]
[2025-02-15 14:51:46] INFO: 학습 완료:
- 최고 점수: 1.01
- 매칭 통계:
  0개 일치: 14회 (14.00%)
  1개 일치: 50회 (50.00%)
  2개 일치: 31회 (31.00%)
  3개 일치: 5회 (5.00%)

[2025-02-15 14:51:46] INFO: 
=== 1134회차 학습 시작 ===
[2025-02-15 14:51:46] INFO: 실제 당첨번호: [3, 7, 9, 13, 19, 24]
[2025-02-15 14:51:49] INFO: 학습 완료:
- 최고 점수: 3.01
- 매칭 통계:
  0개 일치: 3회 (3.00%)
  1개 일치: 27회 (27.00%)
  2개 일치: 44회 (44.00%)
  3개 일치: 22회 (22.00%)
  4개 일치: 4회 (4.00%)

[2025-02-15 14:51:49] INFO: 
=== 1135회차 학습 시작 ===
[2025-02-15 14:51:49] INFO: 실제 당첨번호: [1, 6, 13, 19, 21, 33]
[2025-02-15 14:51:51] INFO: 학습 완료:
- 최고 점수: 4.14
- 매칭 통계:
  1개 일치: 13회 (13.00%)
  2개 일치: 46회 (46.00%)
  3개 일치: 37회 (37.00%)
  4개 일치: 4회 (4.00%)

[2025-02-15 14:51:51] INFO: 
=== 1136회차 학습 시작 ===
[2025-02-15 14:51:51] INFO: 실제 당첨번호: [21, 33, 35, 38, 42, 44]
[2025-02-15 14:51:54] INFO: 학습 완료:
- 최고 점수: 0.47
- 매칭 통계:
  0개 일치: 19회 (19.00%)
  1개 일치: 64회 (64.00%)
  2개 일치: 17회 (17.00%)

[2025-02-15 14:51:54] INFO: 
=== 1137회차 학습 시작 ===
[2025-02-15 14:51:54] INFO: 실제 당첨번호: [4, 9, 12, 15, 33, 45]
[2025-02-15 14:51:56] INFO: 학습 완료:
- 최고 점수: 0.83
- 매칭 통계:
  0개 일치: 12회 (12.00%)
  1개 일치: 63회 (63.00%)
  2개 일치: 24회 (24.00%)
  3개 일치: 1회 (1.00%)

[2025-02-15 14:51:56] INFO: 
=== 1138회차 학습 시작 ===
[2025-02-15 14:51:56] INFO: 실제 당첨번호: [14, 16, 19, 20, 29, 34]
[2025-02-15 14:51:59] INFO: 학습 완료:
- 최고 점수: 0.94
- 매칭 통계:
  0개 일치: 17회 (17.00%)
  1개 일치: 56회 (56.00%)
  2개 일치: 24회 (24.00%)
  3개 일치: 3회 (3.00%)

[2025-02-15 14:51:59] INFO: 
=== 1139회차 학습 시작 ===
[2025-02-15 14:51:59] INFO: 실제 당첨번호: [5, 12, 15, 30, 37, 40]
[2025-02-15 14:52:01] INFO: 학습 완료:
- 최고 점수: 0.44
- 매칭 통계:
  0개 일치: 38회 (38.00%)
  1개 일치: 46회 (46.00%)
  2개 일치: 15회 (15.00%)
  3개 일치: 1회 (1.00%)

[2025-02-15 14:52:01] INFO: 
=== 1140회차 학습 시작 ===
[2025-02-15 14:52:01] INFO: 실제 당첨번호: [7, 10, 22, 29, 31, 38]
[2025-02-15 14:52:04] INFO: 학습 완료:
- 최고 점수: 0.22
- 매칭 통계:
  0개 일치: 49회 (49.00%)
  1개 일치: 44회 (44.00%)
  2개 일치: 7회 (7.00%)

[2025-02-15 14:52:04] INFO: 
=== 1141회차 학습 시작 ===
[2025-02-15 14:52:04] INFO: 실제 당첨번호: [7, 11, 12, 21, 26, 35]
[2025-02-15 14:52:07] INFO: 학습 완료:
- 최고 점수: 0.47
- 매칭 통계:
  0개 일치: 44회 (44.00%)
  1개 일치: 46회 (46.00%)
  2개 일치: 10회 (10.00%)

[2025-02-15 14:52:07] INFO: 
=== 1142회차 학습 시작 ===
[2025-02-15 14:52:07] INFO: 실제 당첨번호: [2, 8, 28, 30, 37, 41]
[2025-02-15 14:52:09] INFO: 학습 완료:
- 최고 점수: 0.13
- 매칭 통계:
  0개 일치: 63회 (63.00%)
  1개 일치: 32회 (32.00%)
  2개 일치: 5회 (5.00%)

[2025-02-15 14:52:09] INFO: 
=== 1143회차 학습 시작 ===
[2025-02-15 14:52:09] INFO: 실제 당첨번호: [10, 16, 17, 27, 28, 36]
[2025-02-15 14:52:11] INFO: 학습 완료:
- 최고 점수: 0.38
- 매칭 통계:
  0개 일치: 40회 (40.00%)
  1개 일치: 47회 (47.00%)
  2개 일치: 12회 (12.00%)
  3개 일치: 1회 (1.00%)

[2025-02-15 14:52:11] INFO: 
=== 1144회차 학습 시작 ===
[2025-02-15 14:52:11] INFO: 실제 당첨번호: [3, 4, 12, 15, 26, 34]
[2025-02-15 14:52:14] INFO: 학습 완료:
- 최고 점수: 0.59
- 매칭 통계:
  0개 일치: 37회 (37.00%)
  1개 일치: 38회 (38.00%)
  2개 일치: 22회 (22.00%)
  3개 일치: 3회 (3.00%)

[2025-02-15 14:52:14] INFO: 
=== 1145회차 학습 시작 ===
[2025-02-15 14:52:14] INFO: 실제 당첨번호: [2, 11, 31, 33, 37, 44]
[2025-02-15 14:52:16] INFO: 학습 완료:
- 최고 점수: 0.86
- 매칭 통계:
  0개 일치: 10회 (10.00%)
  1개 일치: 53회 (53.00%)
  2개 일치: 34회 (34.00%)
  3개 일치: 3회 (3.00%)

[2025-02-15 14:52:16] INFO: 
=== 1146회차 학습 시작 ===
[2025-02-15 14:52:16] INFO: 실제 당첨번호: [6, 11, 17, 19, 40, 43]
[2025-02-15 14:52:19] INFO: 학습 완료:
- 최고 점수: 1.60
- 매칭 통계:
  0개 일치: 10회 (10.00%)
  1개 일치: 47회 (47.00%)
  2개 일치: 30회 (30.00%)
  3개 일치: 9회 (9.00%)
  4개 일치: 4회 (4.00%)

[2025-02-15 14:52:19] INFO: 
=== 1147회차 학습 시작 ===
[2025-02-15 14:52:19] INFO: 실제 당첨번호: [7, 11, 24, 26, 27, 37]
[2025-02-15 14:52:22] INFO: 학습 완료:
- 최고 점수: 0.27
- 매칭 통계:
  0개 일치: 31회 (31.00%)
  1개 일치: 54회 (54.00%)
  2개 일치: 13회 (13.00%)
  3개 일치: 2회 (2.00%)

[2025-02-15 14:52:22] INFO: 
=== 1148회차 학습 시작 ===
[2025-02-15 14:52:22] INFO: 실제 당첨번호: [3, 6, 13, 15, 16, 22]
[2025-02-15 14:52:24] INFO: 학습 완료:
- 최고 점수: 1.35
- 매칭 통계:
  0개 일치: 8회 (8.00%)
  1개 일치: 54회 (54.00%)
  2개 일치: 29회 (29.00%)
  3개 일치: 8회 (8.00%)
  4개 일치: 1회 (1.00%)

[2025-02-15 14:52:24] INFO: 
=== 1149회차 학습 시작 ===
[2025-02-15 14:52:24] INFO: 실제 당첨번호: [8, 15, 19, 21, 32, 36]
[2025-02-15 14:52:26] INFO: 학습 완료:
- 최고 점수: 0.58
- 매칭 통계:
  0개 일치: 22회 (22.00%)
  1개 일치: 56회 (56.00%)
  2개 일치: 20회 (20.00%)
  3개 일치: 2회 (2.00%)

[2025-02-15 14:52:26] INFO: 
=== 1150회차 학습 시작 ===
[2025-02-15 14:52:26] INFO: 실제 당첨번호: [8, 9, 18, 35, 39, 45]
[2025-02-15 14:52:29] INFO: 학습 완료:
- 최고 점수: 0.06
- 매칭 통계:
  0개 일치: 86회 (86.00%)
  1개 일치: 14회 (14.00%)

[2025-02-15 14:52:29] INFO: 
=== 1151회차 학습 시작 ===
[2025-02-15 14:52:29] INFO: 실제 당첨번호: [2, 3, 9, 15, 27, 29]
[2025-02-15 14:52:31] INFO: 학습 완료:
- 최고 점수: 0.21
- 매칭 통계:
  0개 일치: 48회 (48.00%)
  1개 일치: 46회 (46.00%)
  2개 일치: 5회 (5.00%)
  3개 일치: 1회 (1.00%)

[2025-02-15 14:52:31] INFO: 
=== 1152회차 학습 시작 ===
[2025-02-15 14:52:31] INFO: 실제 당첨번호: [30, 31, 32, 35, 36, 37]
[2025-02-15 14:52:34] INFO: 학습 완료:
- 최고 점수: 0.25
- 매칭 통계:
  0개 일치: 55회 (55.00%)
  1개 일치: 38회 (38.00%)
  2개 일치: 7회 (7.00%)

[2025-02-15 14:52:34] INFO: 
=== 1153회차 학습 시작 ===
[2025-02-15 14:52:34] INFO: 실제 당첨번호: [1, 9, 10, 13, 35, 44]
[2025-02-15 14:52:36] INFO: 학습 완료:
- 최고 점수: 1.00
- 매칭 통계:
  0개 일치: 10회 (10.00%)
  1개 일치: 52회 (52.00%)
  2개 일치: 34회 (34.00%)
  3개 일치: 4회 (4.00%)

[2025-02-15 14:52:36] INFO: 
=== 1154회차 학습 시작 ===
[2025-02-15 14:52:36] INFO: 실제 당첨번호: [4, 8, 22, 26, 32, 38]
[2025-02-15 14:52:39] INFO: 학습 완료:
- 최고 점수: 0.19
- 매칭 통계:
  0개 일치: 70회 (70.00%)
  1개 일치: 27회 (27.00%)
  2개 일치: 2회 (2.00%)
  3개 일치: 1회 (1.00%)

[2025-02-15 14:52:39] INFO: 
=== 1155회차 학습 시작 ===
[2025-02-15 14:52:39] INFO: 실제 당첨번호: [10, 16, 19, 27, 37, 38]
[2025-02-15 14:52:41] INFO: 학습 완료:
- 최고 점수: 1.06
- 매칭 통계:
  0개 일치: 17회 (17.00%)
  1개 일치: 40회 (40.00%)
  2개 일치: 39회 (39.00%)
  3개 일치: 3회 (3.00%)
  4개 일치: 1회 (1.00%)

[2025-02-15 14:52:41] INFO: 
=== 1156회차 학습 시작 ===
[2025-02-15 14:52:41] INFO: 실제 당첨번호: [30, 31, 34, 39, 41, 45]
[2025-02-15 14:52:44] INFO: 학습 완료:
- 최고 점수: 0.36
- 매칭 통계:
  0개 일치: 58회 (58.00%)
  1개 일치: 37회 (37.00%)
  2개 일치: 5회 (5.00%)

[2025-02-15 14:52:44] INFO: 
=== 1157회차 학습 시작 ===
[2025-02-15 14:52:44] INFO: 실제 당첨번호: [5, 7, 12, 20, 25, 26]
[2025-02-15 14:52:46] INFO: 학습 완료:
- 최고 점수: 0.31
- 매칭 통계:
  0개 일치: 54회 (54.00%)
  1개 일치: 39회 (39.00%)
  2개 일치: 7회 (7.00%)

[2025-02-15 14:52:46] INFO: 
=== 1158회차 학습 시작 ===
[2025-02-15 14:52:46] INFO: 실제 당첨번호: [21, 25, 27, 32, 37, 38]
[2025-02-15 14:52:49] INFO: 학습 완료:
- 최고 점수: 0.36
- 매칭 통계:
  0개 일치: 57회 (57.00%)
  1개 일치: 38회 (38.00%)
  2개 일치: 5회 (5.00%)

[2025-02-15 14:52:49] INFO: Best model saved to: models\best_model_20250215_145249.pkl
[2025-02-15 14:52:49] INFO: Learning results saved to: predictions\lotto_prediction_20250215_145249.xlsx
[2025-02-15 14:52:49] INFO: Predictions saved to predictions\lotto_prediction_20250215_145249.csv and predictions\lotto_prediction_20250215_145249.xlsx
[2025-02-15 14:52:49] INFO: Prediction process completed successfully
Best model score: 21.51
Generated 5 predictions
