[2025-01-09 21:11:33] INFO: Application started successfully
[2025-01-09 21:11:53] INFO: Starting prediction process
[2025-01-09 21:11:53] INFO: Database connected successfully
[2025-01-09 21:11:53] INFO: Retrieving 200 historical data
[2025-01-09 21:11:53] INFO: Retrieved 200 records
[2025-01-09 21:11:53] INFO: 학습 설정: 최근 200회차, 반복 횟수: 200
[2025-01-09 21:11:53] INFO: 
=== 954회차 학습 시작 ===
[2025-01-09 21:11:53] INFO: 실제 당첨번호: [1, 9, 26, 28, 30, 41]
[2025-01-09 21:11:58] INFO: 학습 완료:
- 최고 점수: 236.26
- 매칭 통계:
  0개 일치: 8회 (4.00%)
  1개 일치: 18회 (9.00%)
  2개 일치: 33회 (16.50%)
  3개 일치: 50회 (25.00%)
  4개 일치: 51회 (25.50%)
  5개 일치: 31회 (15.50%)
  6개 일치: 9회 (4.50%)

[2025-01-09 21:11:58] INFO: 
=== 955회차 학습 시작 ===
[2025-01-09 21:11:58] INFO: 실제 당첨번호: [4, 9, 23, 26, 29, 33]
[2025-01-09 21:12:03] INFO: 학습 완료:
- 최고 점수: 2.99
- 매칭 통계:
  0개 일치: 7회 (3.50%)
  1개 일치: 45회 (22.50%)
  2개 일치: 119회 (59.50%)
  3개 일치: 27회 (13.50%)
  4개 일치: 2회 (1.00%)

[2025-01-09 21:12:03] INFO: 
=== 956회차 학습 시작 ===
[2025-01-09 21:12:03] INFO: 실제 당첨번호: [10, 11, 20, 21, 25, 41]
[2025-01-09 21:12:08] INFO: 학습 완료:
- 최고 점수: 0.44
- 매칭 통계:
  0개 일치: 26회 (13.00%)
  1개 일치: 151회 (75.50%)
  2개 일치: 23회 (11.50%)

[2025-01-09 21:12:08] INFO: 
=== 957회차 학습 시작 ===
[2025-01-09 21:12:08] INFO: 실제 당첨번호: [4, 15, 24, 35, 36, 40]
[2025-01-09 21:12:14] INFO: 학습 완료:
- 최고 점수: 0.13
- 매칭 통계:
  0개 일치: 139회 (69.50%)
  1개 일치: 54회 (27.00%)
  2개 일치: 7회 (3.50%)

[2025-01-09 21:12:14] INFO: 
=== 958회차 학습 시작 ===
[2025-01-09 21:12:14] INFO: 실제 당첨번호: [2, 9, 10, 16, 35, 37]
[2025-01-09 21:12:19] INFO: 학습 완료:
- 최고 점수: 0.68
- 매칭 통계:
  0개 일치: 20회 (10.00%)
  1개 일치: 136회 (68.00%)
  2개 일치: 43회 (21.50%)
  3개 일치: 1회 (0.50%)

[2025-01-09 21:12:19] INFO: 
=== 959회차 학습 시작 ===
[2025-01-09 21:12:19] INFO: 실제 당첨번호: [1, 14, 15, 24, 40, 41]
[2025-01-09 21:12:24] INFO: 학습 완료:
- 최고 점수: 1.60
- 매칭 통계:
  0개 일치: 8회 (4.00%)
  1개 일치: 72회 (36.00%)
  2개 일치: 105회 (52.50%)
  3개 일치: 15회 (7.50%)

[2025-01-09 21:12:24] INFO: 
=== 960회차 학습 시작 ===
[2025-01-09 21:12:24] INFO: 실제 당첨번호: [2, 18, 24, 30, 32, 45]
[2025-01-09 21:12:29] INFO: 학습 완료:
- 최고 점수: 0.38
- 매칭 통계:
  0개 일치: 58회 (29.00%)
  1개 일치: 124회 (62.00%)
  2개 일치: 17회 (8.50%)
  3개 일치: 1회 (0.50%)

[2025-01-09 21:12:29] INFO: 
=== 961회차 학습 시작 ===
[2025-01-09 21:12:29] INFO: 실제 당첨번호: [11, 20, 29, 31, 33, 42]
[2025-01-09 21:12:34] INFO: 학습 완료:
- 최고 점수: 0.13
- 매칭 통계:
  0개 일치: 147회 (73.50%)
  1개 일치: 48회 (24.00%)
  2개 일치: 4회 (2.00%)
  3개 일치: 1회 (0.50%)

[2025-01-09 21:12:34] INFO: 
=== 962회차 학습 시작 ===
[2025-01-09 21:12:34] INFO: 실제 당첨번호: [1, 18, 28, 31, 34, 43]
[2025-01-09 21:12:39] INFO: 학습 완료:
- 최고 점수: 1.31
- 매칭 통계:
  0개 일치: 11회 (5.50%)
  1개 일치: 86회 (43.00%)
  2개 일치: 90회 (45.00%)
  3개 일치: 12회 (6.00%)
  4개 일치: 1회 (0.50%)

[2025-01-09 21:12:39] INFO: 
=== 963회차 학습 시작 ===
[2025-01-09 21:12:39] INFO: 실제 당첨번호: [6, 12, 19, 23, 34, 42]
[2025-01-09 21:12:44] INFO: 학습 완료:
- 최고 점수: 0.09
- 매칭 통계:
  0개 일치: 184회 (92.00%)
  1개 일치: 16회 (8.00%)

[2025-01-09 21:12:44] INFO: 
=== 964회차 학습 시작 ===
[2025-01-09 21:12:44] INFO: 실제 당첨번호: [6, 21, 36, 38, 39, 43]
[2025-01-09 21:12:49] INFO: 학습 완료:
- 최고 점수: 0.07
- 매칭 통계:
  0개 일치: 161회 (80.50%)
  1개 일치: 39회 (19.50%)

[2025-01-09 21:12:49] INFO: 
=== 965회차 학습 시작 ===
[2025-01-09 21:12:49] INFO: 실제 당첨번호: [2, 13, 25, 28, 29, 36]
[2025-01-09 21:12:54] INFO: 학습 완료:
- 최고 점수: 0.43
- 매칭 통계:
  0개 일치: 34회 (17.00%)
  1개 일치: 131회 (65.50%)
  2개 일치: 33회 (16.50%)
  3개 일치: 2회 (1.00%)

[2025-01-09 21:12:54] INFO: 
=== 966회차 학습 시작 ===
[2025-01-09 21:12:54] INFO: 실제 당첨번호: [1, 21, 25, 29, 34, 37]
[2025-01-09 21:12:59] INFO: 학습 완료:
- 최고 점수: 0.94
- 매칭 통계:
  0개 일치: 25회 (12.50%)
  1개 일치: 124회 (62.00%)
  2개 일치: 46회 (23.00%)
  3개 일치: 5회 (2.50%)

[2025-01-09 21:12:59] INFO: 
=== 967회차 학습 시작 ===
[2025-01-09 21:12:59] INFO: 실제 당첨번호: [1, 6, 13, 37, 38, 40]
[2025-01-09 21:13:04] INFO: 학습 완료:
- 최고 점수: 0.33
- 매칭 통계:
  0개 일치: 20회 (10.00%)
  1개 일치: 152회 (76.00%)
  2개 일치: 28회 (14.00%)

[2025-01-09 21:13:04] INFO: 
=== 968회차 학습 시작 ===
[2025-01-09 21:13:04] INFO: 실제 당첨번호: [2, 5, 12, 14, 24, 39]
[2025-01-09 21:13:09] INFO: 학습 완료:
- 최고 점수: 0.08
- 매칭 통계:
  0개 일치: 147회 (73.50%)
  1개 일치: 50회 (25.00%)
  2개 일치: 3회 (1.50%)

[2025-01-09 21:13:09] INFO: 
=== 969회차 학습 시작 ===
[2025-01-09 21:13:09] INFO: 실제 당첨번호: [3, 9, 10, 29, 40, 45]
[2025-01-09 21:13:14] INFO: 학습 완료:
- 최고 점수: 0.66
- 매칭 통계:
  0개 일치: 22회 (11.00%)
  1개 일치: 134회 (67.00%)
  2개 일치: 40회 (20.00%)
  3개 일치: 4회 (2.00%)

[2025-01-09 21:13:14] INFO: 
=== 970회차 학습 시작 ===
[2025-01-09 21:13:14] INFO: 실제 당첨번호: [9, 11, 16, 21, 28, 36]
[2025-01-09 21:13:19] INFO: 학습 완료:
- 최고 점수: 1.73
- 매칭 통계:
  0개 일치: 11회 (5.50%)
  1개 일치: 69회 (34.50%)
  2개 일치: 109회 (54.50%)
  3개 일치: 11회 (5.50%)

[2025-01-09 21:13:19] INFO: 
=== 971회차 학습 시작 ===
[2025-01-09 21:13:19] INFO: 실제 당첨번호: [2, 6, 17, 18, 21, 26]
[2025-01-09 21:13:24] INFO: 학습 완료:
- 최고 점수: 0.37
- 매칭 통계:
  0개 일치: 39회 (19.50%)
  1개 일치: 128회 (64.00%)
  2개 일치: 31회 (15.50%)
  3개 일치: 2회 (1.00%)

[2025-01-09 21:13:24] INFO: 
=== 972회차 학습 시작 ===
[2025-01-09 21:13:24] INFO: 실제 당첨번호: [3, 6, 17, 23, 37, 39]
[2025-01-09 21:13:29] INFO: 학습 완료:
- 최고 점수: 0.06
- 매칭 통계:
  0개 일치: 159회 (79.50%)
  1개 일치: 35회 (17.50%)
  2개 일치: 6회 (3.00%)

[2025-01-09 21:13:29] INFO: 
=== 973회차 학습 시작 ===
[2025-01-09 21:13:29] INFO: 실제 당첨번호: [22, 26, 31, 37, 41, 42]
[2025-01-09 21:13:34] INFO: 학습 완료:
- 최고 점수: 1.51
- 매칭 통계:
  0개 일치: 15회 (7.50%)
  1개 일치: 79회 (39.50%)
  2개 일치: 94회 (47.00%)
  3개 일치: 12회 (6.00%)

[2025-01-09 21:13:34] INFO: 
=== 974회차 학습 시작 ===
[2025-01-09 21:13:34] INFO: 실제 당첨번호: [1, 2, 11, 16, 39, 44]
[2025-01-09 21:13:39] INFO: 학습 완료:
- 최고 점수: 0.55
- 매칭 통계:
  0개 일치: 35회 (17.50%)
  1개 일치: 127회 (63.50%)
  2개 일치: 34회 (17.00%)
  3개 일치: 4회 (2.00%)

[2025-01-09 21:13:39] INFO: 
=== 975회차 학습 시작 ===
[2025-01-09 21:13:39] INFO: 실제 당첨번호: [7, 8, 9, 17, 22, 24]
[2025-01-09 21:13:44] INFO: 학습 완료:
- 최고 점수: 0.31
- 매칭 통계:
  0개 일치: 35회 (17.50%)
  1개 일치: 144회 (72.00%)
  2개 일치: 21회 (10.50%)

[2025-01-09 21:13:44] INFO: 
=== 976회차 학습 시작 ===
[2025-01-09 21:13:44] INFO: 실제 당첨번호: [4, 12, 14, 25, 35, 37]
[2025-01-09 21:13:49] INFO: 학습 완료:
- 최고 점수: 0.32
- 매칭 통계:
  0개 일치: 112회 (56.00%)
  1개 일치: 73회 (36.50%)
  2개 일치: 15회 (7.50%)

[2025-01-09 21:13:49] INFO: 
=== 977회차 학습 시작 ===
[2025-01-09 21:13:49] INFO: 실제 당첨번호: [2, 9, 10, 14, 22, 44]
[2025-01-09 21:13:53] INFO: 학습 완료:
- 최고 점수: 0.59
- 매칭 통계:
  0개 일치: 21회 (10.50%)
  1개 일치: 120회 (60.00%)
  2개 일치: 56회 (28.00%)
  3개 일치: 3회 (1.50%)

[2025-01-09 21:13:53] INFO: 
=== 978회차 학습 시작 ===
[2025-01-09 21:13:53] INFO: 실제 당첨번호: [1, 7, 15, 32, 34, 42]
[2025-01-09 21:13:58] INFO: 학습 완료:
- 최고 점수: 0.22
- 매칭 통계:
  0개 일치: 33회 (16.50%)
  1개 일치: 153회 (76.50%)
  2개 일치: 14회 (7.00%)

[2025-01-09 21:13:58] INFO: 
=== 979회차 학습 시작 ===
[2025-01-09 21:13:58] INFO: 실제 당첨번호: [7, 11, 16, 21, 27, 33]
[2025-01-09 21:14:03] INFO: 학습 완료:
- 최고 점수: 0.12
- 매칭 통계:
  0개 일치: 140회 (70.00%)
  1개 일치: 54회 (27.00%)
  2개 일치: 6회 (3.00%)

[2025-01-09 21:14:03] INFO: 
=== 980회차 학습 시작 ===
[2025-01-09 21:14:03] INFO: 실제 당첨번호: [3, 13, 16, 23, 24, 35]
[2025-01-09 21:14:08] INFO: 학습 완료:
- 최고 점수: 0.13
- 매칭 통계:
  0개 일치: 132회 (66.00%)
  1개 일치: 60회 (30.00%)
  2개 일치: 7회 (3.50%)
  3개 일치: 1회 (0.50%)

[2025-01-09 21:14:08] INFO: 
=== 981회차 학습 시작 ===
[2025-01-09 21:14:08] INFO: 실제 당첨번호: [27, 36, 37, 41, 43, 45]
[2025-01-09 21:14:13] INFO: 학습 완료:
- 최고 점수: 0.37
- 매칭 통계:
  0개 일치: 59회 (29.50%)
  1개 일치: 107회 (53.50%)
  2개 일치: 28회 (14.00%)
  3개 일치: 6회 (3.00%)

[2025-01-09 21:14:13] INFO: 
=== 982회차 학습 시작 ===
[2025-01-09 21:14:13] INFO: 실제 당첨번호: [5, 7, 13, 20, 21, 44]
[2025-01-09 21:14:18] INFO: 학습 완료:
- 최고 점수: 0.07
- 매칭 통계:
  0개 일치: 161회 (80.50%)
  1개 일치: 38회 (19.00%)
  2개 일치: 1회 (0.50%)

[2025-01-09 21:14:18] INFO: 
=== 983회차 학습 시작 ===
[2025-01-09 21:14:18] INFO: 실제 당첨번호: [13, 23, 26, 31, 35, 43]
[2025-01-09 21:14:23] INFO: 학습 완료:
- 최고 점수: 0.62
- 매칭 통계:
  0개 일치: 59회 (29.50%)
  1개 일치: 105회 (52.50%)
  2개 일치: 33회 (16.50%)
  3개 일치: 3회 (1.50%)

[2025-01-09 21:14:23] INFO: 
=== 984회차 학습 시작 ===
[2025-01-09 21:14:23] INFO: 실제 당첨번호: [3, 10, 23, 35, 36, 37]
[2025-01-09 21:14:28] INFO: 학습 완료:
- 최고 점수: 0.40
- 매칭 통계:
  0개 일치: 99회 (49.50%)
  1개 일치: 82회 (41.00%)
  2개 일치: 18회 (9.00%)
  3개 일치: 1회 (0.50%)

[2025-01-09 21:14:28] INFO: 
=== 985회차 학습 시작 ===
[2025-01-09 21:14:28] INFO: 실제 당첨번호: [17, 21, 23, 30, 34, 44]
[2025-01-09 21:14:33] INFO: 학습 완료:
- 최고 점수: 0.48
- 매칭 통계:
  0개 일치: 81회 (40.50%)
  1개 일치: 97회 (48.50%)
  2개 일치: 21회 (10.50%)
  3개 일치: 1회 (0.50%)

[2025-01-09 21:14:33] INFO: 
=== 986회차 학습 시작 ===
[2025-01-09 21:14:33] INFO: 실제 당첨번호: [7, 10, 16, 28, 41, 42]
[2025-01-09 21:14:37] INFO: 학습 완료:
- 최고 점수: 1.71
- 매칭 통계:
  0개 일치: 13회 (6.50%)
  1개 일치: 79회 (39.50%)
  2개 일치: 88회 (44.00%)
  3개 일치: 20회 (10.00%)

[2025-01-09 21:14:37] INFO: 
=== 987회차 학습 시작 ===
[2025-01-09 21:14:37] INFO: 실제 당첨번호: [2, 4, 15, 23, 29, 38]
[2025-01-09 21:14:42] INFO: 학습 완료:
- 최고 점수: 0.35
- 매칭 통계:
  0개 일치: 117회 (58.50%)
  1개 일치: 71회 (35.50%)
  2개 일치: 11회 (5.50%)
  3개 일치: 1회 (0.50%)

[2025-01-09 21:14:42] INFO: 
=== 988회차 학습 시작 ===
[2025-01-09 21:14:42] INFO: 실제 당첨번호: [2, 13, 20, 30, 31, 41]
[2025-01-09 21:14:47] INFO: 학습 완료:
- 최고 점수: 1.48
- 매칭 통계:
  0개 일치: 27회 (13.50%)
  1개 일치: 83회 (41.50%)
  2개 일치: 78회 (39.00%)
  3개 일치: 11회 (5.50%)
  4개 일치: 1회 (0.50%)

[2025-01-09 21:14:47] INFO: 
=== 989회차 학습 시작 ===
[2025-01-09 21:14:47] INFO: 실제 당첨번호: [17, 18, 21, 27, 29, 33]
[2025-01-09 21:14:52] INFO: 학습 완료:
- 최고 점수: 0.12
- 매칭 통계:
  0개 일치: 127회 (63.50%)
  1개 일치: 64회 (32.00%)
  2개 일치: 9회 (4.50%)

[2025-01-09 21:14:52] INFO: 
=== 990회차 학습 시작 ===
[2025-01-09 21:14:52] INFO: 실제 당첨번호: [2, 4, 25, 26, 36, 37]
[2025-01-09 21:14:57] INFO: 학습 완료:
- 최고 점수: 1.29
- 매칭 통계:
  0개 일치: 20회 (10.00%)
  1개 일치: 109회 (54.50%)
  2개 일치: 57회 (28.50%)
  3개 일치: 14회 (7.00%)

[2025-01-09 21:14:57] INFO: 
=== 991회차 학습 시작 ===
[2025-01-09 21:14:57] INFO: 실제 당첨번호: [13, 18, 25, 31, 33, 44]
[2025-01-09 21:15:02] INFO: 학습 완료:
- 최고 점수: 0.20
- 매칭 통계:
  0개 일치: 138회 (69.00%)
  1개 일치: 59회 (29.50%)
  2개 일치: 3회 (1.50%)

[2025-01-09 21:15:02] INFO: 
=== 992회차 학습 시작 ===
[2025-01-09 21:15:02] INFO: 실제 당첨번호: [12, 20, 26, 33, 44, 45]
[2025-01-09 21:15:06] INFO: 학습 완료:
- 최고 점수: 0.26
- 매칭 통계:
  0개 일치: 60회 (30.00%)
  1개 일치: 123회 (61.50%)
  2개 일치: 17회 (8.50%)

[2025-01-09 21:15:06] INFO: 
=== 993회차 학습 시작 ===
[2025-01-09 21:15:06] INFO: 실제 당첨번호: [6, 14, 16, 18, 24, 42]
[2025-01-09 21:15:11] INFO: 학습 완료:
- 최고 점수: 0.09
- 매칭 통계:
  0개 일치: 142회 (71.00%)
  1개 일치: 54회 (27.00%)
  2개 일치: 4회 (2.00%)

[2025-01-09 21:15:11] INFO: 
=== 994회차 학습 시작 ===
[2025-01-09 21:15:11] INFO: 실제 당첨번호: [1, 3, 8, 24, 27, 35]
[2025-01-09 21:15:16] INFO: 학습 완료:
- 최고 점수: 0.41
- 매칭 통계:
  0개 일치: 36회 (18.00%)
  1개 일치: 139회 (69.50%)
  2개 일치: 25회 (12.50%)

[2025-01-09 21:15:16] INFO: 
=== 995회차 학습 시작 ===
[2025-01-09 21:15:16] INFO: 실제 당첨번호: [1, 4, 13, 29, 38, 39]
[2025-01-09 21:15:21] INFO: 학습 완료:
- 최고 점수: 0.59
- 매칭 통계:
  0개 일치: 37회 (18.50%)
  1개 일치: 122회 (61.00%)
  2개 일치: 40회 (20.00%)
  3개 일치: 1회 (0.50%)

[2025-01-09 21:15:21] INFO: 
=== 996회차 학습 시작 ===
[2025-01-09 21:15:21] INFO: 실제 당첨번호: [6, 11, 15, 24, 32, 39]
[2025-01-09 21:15:25] INFO: 학습 완료:
- 최고 점수: 0.10
- 매칭 통계:
  0개 일치: 143회 (71.50%)
  1개 일치: 51회 (25.50%)
  2개 일치: 6회 (3.00%)

[2025-01-09 21:15:25] INFO: 
=== 997회차 학습 시작 ===
[2025-01-09 21:15:25] INFO: 실제 당첨번호: [4, 7, 14, 16, 24, 44]
[2025-01-09 21:15:30] INFO: 학습 완료:
- 최고 점수: 0.24
- 매칭 통계:
  0개 일치: 140회 (70.00%)
  1개 일치: 51회 (25.50%)
  2개 일치: 9회 (4.50%)

[2025-01-09 21:15:30] INFO: 
=== 998회차 학습 시작 ===
[2025-01-09 21:15:30] INFO: 실제 당첨번호: [13, 17, 18, 20, 42, 45]
[2025-01-09 21:15:35] INFO: 학습 완료:
- 최고 점수: 0.07
- 매칭 통계:
  0개 일치: 173회 (86.50%)
  1개 일치: 25회 (12.50%)
  2개 일치: 2회 (1.00%)

[2025-01-09 21:15:35] INFO: 
=== 999회차 학습 시작 ===
[2025-01-09 21:15:35] INFO: 실제 당첨번호: [1, 3, 9, 14, 18, 28]
[2025-01-09 21:15:40] INFO: 학습 완료:
- 최고 점수: 11.90
- 매칭 통계:
  0개 일치: 4회 (2.00%)
  1개 일치: 35회 (17.50%)
  2개 일치: 101회 (50.50%)
  3개 일치: 59회 (29.50%)
  4개 일치: 1회 (0.50%)

[2025-01-09 21:15:40] INFO: 
=== 1000회차 학습 시작 ===
[2025-01-09 21:15:40] INFO: 실제 당첨번호: [2, 8, 19, 22, 32, 42]
[2025-01-09 21:15:45] INFO: 학습 완료:
- 최고 점수: 0.08
- 매칭 통계:
  0개 일치: 143회 (71.50%)
  1개 일치: 51회 (25.50%)
  2개 일치: 6회 (3.00%)

[2025-01-09 21:15:45] INFO: 
=== 1001회차 학습 시작 ===
[2025-01-09 21:15:45] INFO: 실제 당첨번호: [6, 10, 12, 14, 20, 42]
[2025-01-09 21:15:49] INFO: 학습 완료:
- 최고 점수: 0.11
- 매칭 통계:
  0개 일치: 138회 (69.00%)
  1개 일치: 60회 (30.00%)
  2개 일치: 2회 (1.00%)

[2025-01-09 21:15:49] INFO: 
=== 1002회차 학습 시작 ===
[2025-01-09 21:15:49] INFO: 실제 당첨번호: [17, 25, 33, 35, 38, 45]
[2025-01-09 21:15:54] INFO: 학습 완료:
- 최고 점수: 0.13
- 매칭 통계:
  0개 일치: 138회 (69.00%)
  1개 일치: 54회 (27.00%)
  2개 일치: 8회 (4.00%)

[2025-01-09 21:15:54] INFO: 
=== 1003회차 학습 시작 ===
[2025-01-09 21:15:54] INFO: 실제 당첨번호: [1, 4, 29, 39, 43, 45]
[2025-01-09 21:15:59] INFO: 학습 완료:
- 최고 점수: 0.75
- 매칭 통계:
  0개 일치: 44회 (22.00%)
  1개 일치: 110회 (55.00%)
  2개 일치: 39회 (19.50%)
  3개 일치: 7회 (3.50%)

[2025-01-09 21:15:59] INFO: 
=== 1004회차 학습 시작 ===
[2025-01-09 21:15:59] INFO: 실제 당첨번호: [7, 15, 30, 37, 39, 44]
[2025-01-09 21:16:04] INFO: 학습 완료:
- 최고 점수: 0.30
- 매칭 통계:
  0개 일치: 94회 (47.00%)
  1개 일치: 87회 (43.50%)
  2개 일치: 18회 (9.00%)
  3개 일치: 1회 (0.50%)

[2025-01-09 21:16:04] INFO: 
=== 1005회차 학습 시작 ===
[2025-01-09 21:16:04] INFO: 실제 당첨번호: [8, 13, 18, 24, 27, 29]
[2025-01-09 21:16:09] INFO: 학습 완료:
- 최고 점수: 0.13
- 매칭 통계:
  0개 일치: 129회 (64.50%)
  1개 일치: 64회 (32.00%)
  2개 일치: 7회 (3.50%)

[2025-01-09 21:16:09] INFO: 
=== 1006회차 학습 시작 ===
[2025-01-09 21:16:09] INFO: 실제 당첨번호: [8, 11, 15, 16, 17, 37]
[2025-01-09 21:16:14] INFO: 학습 완료:
- 최고 점수: 0.28
- 매칭 통계:
  0개 일치: 134회 (67.00%)
  1개 일치: 57회 (28.50%)
  2개 일치: 9회 (4.50%)

[2025-01-09 21:16:14] INFO: 
=== 1007회차 학습 시작 ===
[2025-01-09 21:16:14] INFO: 실제 당첨번호: [8, 11, 16, 19, 21, 25]
[2025-01-09 21:16:18] INFO: 학습 완료:
- 최고 점수: 0.13
- 매칭 통계:
  0개 일치: 139회 (69.50%)
  1개 일치: 55회 (27.50%)
  2개 일치: 6회 (3.00%)

[2025-01-09 21:16:18] INFO: 
=== 1008회차 학습 시작 ===
[2025-01-09 21:16:18] INFO: 실제 당첨번호: [9, 11, 30, 31, 41, 44]
[2025-01-09 21:16:23] INFO: 학습 완료:
- 최고 점수: 2.92
- 매칭 통계:
  0개 일치: 3회 (1.50%)
  1개 일치: 50회 (25.00%)
  2개 일치: 107회 (53.50%)
  3개 일치: 38회 (19.00%)
  4개 일치: 2회 (1.00%)

[2025-01-09 21:16:23] INFO: 
=== 1009회차 학습 시작 ===
[2025-01-09 21:16:23] INFO: 실제 당첨번호: [15, 23, 29, 34, 40, 44]
[2025-01-09 21:16:28] INFO: 학습 완료:
- 최고 점수: 0.13
- 매칭 통계:
  0개 일치: 131회 (65.50%)
  1개 일치: 64회 (32.00%)
  2개 일치: 5회 (2.50%)

[2025-01-09 21:16:28] INFO: 
=== 1010회차 학습 시작 ===
[2025-01-09 21:16:28] INFO: 실제 당첨번호: [9, 12, 15, 25, 34, 36]
[2025-01-09 21:16:33] INFO: 학습 완료:
- 최고 점수: 0.39
- 매칭 통계:
  0개 일치: 38회 (19.00%)
  1개 일치: 133회 (66.50%)
  2개 일치: 27회 (13.50%)
  3개 일치: 2회 (1.00%)

[2025-01-09 21:16:33] INFO: 
=== 1011회차 학습 시작 ===
[2025-01-09 21:16:33] INFO: 실제 당첨번호: [1, 9, 12, 26, 35, 38]
[2025-01-09 21:16:38] INFO: 학습 완료:
- 최고 점수: 3.85
- 매칭 통계:
  0개 일치: 1회 (0.50%)
  1개 일치: 32회 (16.00%)
  2개 일치: 92회 (46.00%)
  3개 일치: 71회 (35.50%)
  4개 일치: 4회 (2.00%)

[2025-01-09 21:16:38] INFO: 
=== 1012회차 학습 시작 ===
[2025-01-09 21:16:38] INFO: 실제 당첨번호: [5, 11, 18, 20, 35, 45]
[2025-01-09 21:16:42] INFO: 학습 완료:
- 최고 점수: 0.10
- 매칭 통계:
  0개 일치: 164회 (82.00%)
  1개 일치: 35회 (17.50%)
  2개 일치: 1회 (0.50%)

[2025-01-09 21:16:42] INFO: 
=== 1013회차 학습 시작 ===
[2025-01-09 21:16:42] INFO: 실제 당첨번호: [21, 22, 26, 34, 36, 41]
[2025-01-09 21:16:47] INFO: 학습 완료:
- 최고 점수: 1.43
- 매칭 통계:
  0개 일치: 13회 (6.50%)
  1개 일치: 96회 (48.00%)
  2개 일치: 68회 (34.00%)
  3개 일치: 21회 (10.50%)
  4개 일치: 2회 (1.00%)

[2025-01-09 21:16:47] INFO: 
=== 1014회차 학습 시작 ===
[2025-01-09 21:16:47] INFO: 실제 당첨번호: [3, 11, 14, 18, 26, 27]
[2025-01-09 21:16:52] INFO: 학습 완료:
- 최고 점수: 0.29
- 매칭 통계:
  0개 일치: 54회 (27.00%)
  1개 일치: 129회 (64.50%)
  2개 일치: 15회 (7.50%)
  3개 일치: 2회 (1.00%)

[2025-01-09 21:16:52] INFO: 
=== 1015회차 학습 시작 ===
[2025-01-09 21:16:52] INFO: 실제 당첨번호: [14, 23, 31, 33, 37, 40]
[2025-01-09 21:16:57] INFO: 학습 완료:
- 최고 점수: 0.38
- 매칭 통계:
  0개 일치: 119회 (59.50%)
  1개 일치: 66회 (33.00%)
  2개 일치: 13회 (6.50%)
  3개 일치: 2회 (1.00%)

[2025-01-09 21:16:57] INFO: 
=== 1016회차 학습 시작 ===
[2025-01-09 21:16:57] INFO: 실제 당첨번호: [15, 26, 28, 34, 41, 42]
[2025-01-09 21:17:02] INFO: 학습 완료:
- 최고 점수: 12.30
- 매칭 통계:
  0개 일치: 4회 (2.00%)
  1개 일치: 43회 (21.50%)
  2개 일치: 102회 (51.00%)
  3개 일치: 50회 (25.00%)
  4개 일치: 1회 (0.50%)

[2025-01-09 21:17:02] INFO: 
=== 1017회차 학습 시작 ===
[2025-01-09 21:17:02] INFO: 실제 당첨번호: [12, 18, 22, 23, 30, 34]
[2025-01-09 21:17:06] INFO: 학습 완료:
- 최고 점수: 0.30
- 매칭 통계:
  0개 일치: 94회 (47.00%)
  1개 일치: 84회 (42.00%)
  2개 일치: 21회 (10.50%)
  3개 일치: 1회 (0.50%)

[2025-01-09 21:17:06] INFO: 
=== 1018회차 학습 시작 ===
[2025-01-09 21:17:06] INFO: 실제 당첨번호: [3, 19, 21, 25, 37, 45]
[2025-01-09 21:17:11] INFO: 학습 완료:
- 최고 점수: 0.19
- 매칭 통계:
  0개 일치: 130회 (65.00%)
  1개 일치: 58회 (29.00%)
  2개 일치: 12회 (6.00%)

[2025-01-09 21:17:11] INFO: 
=== 1019회차 학습 시작 ===
[2025-01-09 21:17:11] INFO: 실제 당첨번호: [1, 4, 13, 17, 34, 39]
[2025-01-09 21:17:16] INFO: 학습 완료:
- 최고 점수: 0.51
- 매칭 통계:
  0개 일치: 36회 (18.00%)
  1개 일치: 134회 (67.00%)
  2개 일치: 27회 (13.50%)
  3개 일치: 3회 (1.50%)

[2025-01-09 21:17:16] INFO: 
=== 1020회차 학습 시작 ===
[2025-01-09 21:17:16] INFO: 실제 당첨번호: [12, 27, 29, 38, 41, 45]
[2025-01-09 21:17:21] INFO: 학습 완료:
- 최고 점수: 0.38
- 매칭 통계:
  0개 일치: 45회 (22.50%)
  1개 일치: 127회 (63.50%)
  2개 일치: 26회 (13.00%)
  3개 일치: 2회 (1.00%)

[2025-01-09 21:17:21] INFO: 
=== 1021회차 학습 시작 ===
[2025-01-09 21:17:21] INFO: 실제 당첨번호: [12, 15, 17, 24, 29, 45]
[2025-01-09 21:17:26] INFO: 학습 완료:
- 최고 점수: 0.16
- 매칭 통계:
  0개 일치: 129회 (64.50%)
  1개 일치: 64회 (32.00%)
  2개 일치: 7회 (3.50%)

[2025-01-09 21:17:26] INFO: 
=== 1022회차 학습 시작 ===
[2025-01-09 21:17:26] INFO: 실제 당첨번호: [5, 6, 11, 29, 42, 45]
[2025-01-09 21:17:30] INFO: 학습 완료:
- 최고 점수: 0.10
- 매칭 통계:
  0개 일치: 141회 (70.50%)
  1개 일치: 54회 (27.00%)
  2개 일치: 5회 (2.50%)

[2025-01-09 21:17:30] INFO: 
=== 1023회차 학습 시작 ===
[2025-01-09 21:17:30] INFO: 실제 당첨번호: [10, 14, 16, 18, 29, 35]
[2025-01-09 21:17:35] INFO: 학습 완료:
- 최고 점수: 0.31
- 매칭 통계:
  0개 일치: 99회 (49.50%)
  1개 일치: 92회 (46.00%)
  2개 일치: 9회 (4.50%)

[2025-01-09 21:17:35] INFO: 
=== 1024회차 학습 시작 ===
[2025-01-09 21:17:35] INFO: 실제 당첨번호: [9, 18, 20, 22, 38, 44]
[2025-01-09 21:17:40] INFO: 학습 완료:
- 최고 점수: 0.28
- 매칭 통계:
  0개 일치: 42회 (21.00%)
  1개 일치: 140회 (70.00%)
  2개 일치: 17회 (8.50%)
  3개 일치: 1회 (0.50%)

[2025-01-09 21:17:40] INFO: 
=== 1025회차 학습 시작 ===
[2025-01-09 21:17:40] INFO: 실제 당첨번호: [8, 9, 20, 25, 29, 33]
[2025-01-09 21:17:45] INFO: 학습 완료:
- 최고 점수: 0.73
- 매칭 통계:
  0개 일치: 29회 (14.50%)
  1개 일치: 117회 (58.50%)
  2개 일치: 48회 (24.00%)
  3개 일치: 6회 (3.00%)

[2025-01-09 21:17:45] INFO: 
=== 1026회차 학습 시작 ===
[2025-01-09 21:17:45] INFO: 실제 당첨번호: [5, 12, 13, 31, 32, 41]
[2025-01-09 21:17:50] INFO: 학습 완료:
- 최고 점수: 0.24
- 매칭 통계:
  0개 일치: 59회 (29.50%)
  1개 일치: 128회 (64.00%)
  2개 일치: 13회 (6.50%)

[2025-01-09 21:17:50] INFO: 
=== 1027회차 학습 시작 ===
[2025-01-09 21:17:50] INFO: 실제 당첨번호: [14, 16, 27, 35, 39, 45]
[2025-01-09 21:17:55] INFO: 학습 완료:
- 최고 점수: 0.10
- 매칭 통계:
  0개 일치: 151회 (75.50%)
  1개 일치: 42회 (21.00%)
  2개 일치: 7회 (3.50%)

[2025-01-09 21:17:55] INFO: 
=== 1028회차 학습 시작 ===
[2025-01-09 21:17:55] INFO: 실제 당첨번호: [5, 7, 12, 13, 18, 35]
[2025-01-09 21:18:00] INFO: 학습 완료:
- 최고 점수: 0.09
- 매칭 통계:
  0개 일치: 155회 (77.50%)
  1개 일치: 43회 (21.50%)
  2개 일치: 2회 (1.00%)

[2025-01-09 21:18:00] INFO: 
=== 1029회차 학습 시작 ===
[2025-01-09 21:18:00] INFO: 실제 당첨번호: [12, 30, 32, 37, 39, 41]
[2025-01-09 21:18:05] INFO: 학습 완료:
- 최고 점수: 0.97
- 매칭 통계:
  0개 일치: 21회 (10.50%)
  1개 일치: 100회 (50.00%)
  2개 일치: 69회 (34.50%)
  3개 일치: 10회 (5.00%)

[2025-01-09 21:18:05] INFO: 
=== 1030회차 학습 시작 ===
[2025-01-09 21:18:05] INFO: 실제 당첨번호: [2, 5, 11, 17, 24, 29]
[2025-01-09 21:18:11] INFO: 학습 완료:
- 최고 점수: 0.41
- 매칭 통계:
  0개 일치: 98회 (49.00%)
  1개 일치: 86회 (43.00%)
  2개 일치: 15회 (7.50%)
  3개 일치: 1회 (0.50%)

[2025-01-09 21:18:11] INFO: 
=== 1031회차 학습 시작 ===
[2025-01-09 21:18:11] INFO: 실제 당첨번호: [6, 7, 22, 32, 35, 36]
[2025-01-09 21:18:17] INFO: 학습 완료:
- 최고 점수: 0.20
- 매칭 통계:
  0개 일치: 150회 (75.00%)
  1개 일치: 47회 (23.50%)
  2개 일치: 3회 (1.50%)

[2025-01-09 21:18:17] INFO: 
=== 1032회차 학습 시작 ===
[2025-01-09 21:18:17] INFO: 실제 당첨번호: [1, 6, 12, 19, 36, 42]
[2025-01-09 21:18:23] INFO: 학습 완료:
- 최고 점수: 0.20
- 매칭 통계:
  0개 일치: 61회 (30.50%)
  1개 일치: 130회 (65.00%)
  2개 일치: 8회 (4.00%)
  3개 일치: 1회 (0.50%)

[2025-01-09 21:18:23] INFO: 
=== 1033회차 학습 시작 ===
[2025-01-09 21:18:23] INFO: 실제 당첨번호: [3, 11, 15, 20, 35, 44]
[2025-01-09 21:18:30] INFO: 학습 완료:
- 최고 점수: 0.14
- 매칭 통계:
  0개 일치: 140회 (70.00%)
  1개 일치: 53회 (26.50%)
  2개 일치: 6회 (3.00%)
  3개 일치: 1회 (0.50%)

[2025-01-09 21:18:30] INFO: 
=== 1034회차 학습 시작 ===
[2025-01-09 21:18:30] INFO: 실제 당첨번호: [26, 31, 32, 33, 38, 40]
[2025-01-09 21:18:36] INFO: 학습 완료:
- 최고 점수: 0.49
- 매칭 통계:
  0개 일치: 51회 (25.50%)
  1개 일치: 123회 (61.50%)
  2개 일치: 24회 (12.00%)
  3개 일치: 2회 (1.00%)

[2025-01-09 21:18:36] INFO: 
=== 1035회차 학습 시작 ===
[2025-01-09 21:18:36] INFO: 실제 당첨번호: [9, 14, 34, 35, 41, 42]
[2025-01-09 21:18:41] INFO: 학습 완료:
- 최고 점수: 1.96
- 매칭 통계:
  0개 일치: 8회 (4.00%)
  1개 일치: 72회 (36.00%)
  2개 일치: 101회 (50.50%)
  3개 일치: 17회 (8.50%)
  4개 일치: 2회 (1.00%)

[2025-01-09 21:18:41] INFO: 
=== 1036회차 학습 시작 ===
[2025-01-09 21:18:41] INFO: 실제 당첨번호: [2, 5, 22, 32, 34, 45]
[2025-01-09 21:18:47] INFO: 학습 완료:
- 최고 점수: 0.10
- 매칭 통계:
  0개 일치: 135회 (67.50%)
  1개 일치: 59회 (29.50%)
  2개 일치: 6회 (3.00%)

[2025-01-09 21:18:47] INFO: 
=== 1037회차 학습 시작 ===
[2025-01-09 21:18:47] INFO: 실제 당첨번호: [2, 14, 15, 22, 27, 33]
[2025-01-09 21:18:53] INFO: 학습 완료:
- 최고 점수: 0.16
- 매칭 통계:
  0개 일치: 118회 (59.00%)
  1개 일치: 71회 (35.50%)
  2개 일치: 11회 (5.50%)

[2025-01-09 21:18:53] INFO: 
=== 1038회차 학습 시작 ===
[2025-01-09 21:18:53] INFO: 실제 당첨번호: [7, 16, 24, 27, 37, 44]
[2025-01-09 21:18:59] INFO: 학습 완료:
- 최고 점수: 0.25
- 매칭 통계:
  0개 일치: 123회 (61.50%)
  1개 일치: 69회 (34.50%)
  2개 일치: 7회 (3.50%)
  3개 일치: 1회 (0.50%)

[2025-01-09 21:18:59] INFO: 
=== 1039회차 학습 시작 ===
[2025-01-09 21:18:59] INFO: 실제 당첨번호: [2, 3, 6, 19, 36, 39]
[2025-01-09 21:19:04] INFO: 학습 완료:
- 최고 점수: 0.27
- 매칭 통계:
  0개 일치: 140회 (70.00%)
  1개 일치: 55회 (27.50%)
  2개 일치: 5회 (2.50%)

[2025-01-09 21:19:04] INFO: 
=== 1040회차 학습 시작 ===
[2025-01-09 21:19:04] INFO: 실제 당첨번호: [8, 16, 26, 29, 31, 36]
[2025-01-09 21:19:10] INFO: 학습 완료:
- 최고 점수: 0.70
- 매칭 통계:
  0개 일치: 37회 (18.50%)
  1개 일치: 105회 (52.50%)
  2개 일치: 51회 (25.50%)
  3개 일치: 7회 (3.50%)

[2025-01-09 21:19:10] INFO: 
=== 1041회차 학습 시작 ===
[2025-01-09 21:19:10] INFO: 실제 당첨번호: [6, 7, 9, 11, 17, 18]
[2025-01-09 21:19:16] INFO: 학습 완료:
- 최고 점수: 0.41
- 매칭 통계:
  0개 일치: 41회 (20.50%)
  1개 일치: 135회 (67.50%)
  2개 일치: 23회 (11.50%)
  3개 일치: 1회 (0.50%)

[2025-01-09 21:19:16] INFO: 
=== 1042회차 학습 시작 ===
[2025-01-09 21:19:16] INFO: 실제 당첨번호: [5, 14, 15, 23, 34, 43]
[2025-01-09 21:19:22] INFO: 학습 완료:
- 최고 점수: 0.10
- 매칭 통계:
  0개 일치: 150회 (75.00%)
  1개 일치: 44회 (22.00%)
  2개 일치: 6회 (3.00%)

[2025-01-09 21:19:22] INFO: 
=== 1043회차 학습 시작 ===
[2025-01-09 21:19:22] INFO: 실제 당첨번호: [3, 5, 12, 22, 26, 31]
[2025-01-09 21:19:27] INFO: 학습 완료:
- 최고 점수: 0.30
- 매칭 통계:
  0개 일치: 48회 (24.00%)
  1개 일치: 133회 (66.50%)
  2개 일치: 18회 (9.00%)
  3개 일치: 1회 (0.50%)

[2025-01-09 21:19:27] INFO: 
=== 1044회차 학습 시작 ===
[2025-01-09 21:19:27] INFO: 실제 당첨번호: [12, 17, 20, 26, 28, 36]
[2025-01-09 21:19:32] INFO: 학습 완료:
- 최고 점수: 1.06
- 매칭 통계:
  0개 일치: 28회 (14.00%)
  1개 일치: 95회 (47.50%)
  2개 일치: 66회 (33.00%)
  3개 일치: 10회 (5.00%)
  4개 일치: 1회 (0.50%)

[2025-01-09 21:19:32] INFO: 
=== 1045회차 학습 시작 ===
[2025-01-09 21:19:32] INFO: 실제 당첨번호: [6, 14, 15, 19, 21, 41]
[2025-01-09 21:19:37] INFO: 학습 완료:
- 최고 점수: 0.40
- 매칭 통계:
  0개 일치: 45회 (22.50%)
  1개 일치: 123회 (61.50%)
  2개 일치: 29회 (14.50%)
  3개 일치: 3회 (1.50%)

[2025-01-09 21:19:37] INFO: 
=== 1046회차 학습 시작 ===
[2025-01-09 21:19:37] INFO: 실제 당첨번호: [7, 16, 25, 29, 35, 36]
[2025-01-09 21:19:42] INFO: 학습 완료:
- 최고 점수: 0.35
- 매칭 통계:
  0개 일치: 94회 (47.00%)
  1개 일치: 78회 (39.00%)
  2개 일치: 26회 (13.00%)
  3개 일치: 2회 (1.00%)

[2025-01-09 21:19:42] INFO: 
=== 1047회차 학습 시작 ===
[2025-01-09 21:19:42] INFO: 실제 당첨번호: [2, 20, 33, 40, 42, 44]
[2025-01-09 21:19:47] INFO: 학습 완료:
- 최고 점수: 0.24
- 매칭 통계:
  0개 일치: 135회 (67.50%)
  1개 일치: 62회 (31.00%)
  2개 일치: 2회 (1.00%)
  3개 일치: 1회 (0.50%)

[2025-01-09 21:19:47] INFO: 
=== 1048회차 학습 시작 ===
[2025-01-09 21:19:47] INFO: 실제 당첨번호: [6, 12, 17, 21, 32, 39]
[2025-01-09 21:19:51] INFO: 학습 완료:
- 최고 점수: 0.07
- 매칭 통계:
  0개 일치: 163회 (81.50%)
  1개 일치: 32회 (16.00%)
  2개 일치: 5회 (2.50%)

[2025-01-09 21:19:51] INFO: 
=== 1049회차 학습 시작 ===
[2025-01-09 21:19:51] INFO: 실제 당첨번호: [3, 5, 13, 20, 21, 37]
[2025-01-09 21:19:57] INFO: 학습 완료:
- 최고 점수: 0.22
- 매칭 통계:
  0개 일치: 130회 (65.00%)
  1개 일치: 63회 (31.50%)
  2개 일치: 6회 (3.00%)
  3개 일치: 1회 (0.50%)

[2025-01-09 21:19:57] INFO: 
=== 1050회차 학습 시작 ===
[2025-01-09 21:19:57] INFO: 실제 당첨번호: [6, 12, 31, 35, 38, 43]
[2025-01-09 21:20:04] INFO: 학습 완료:
- 최고 점수: 0.26
- 매칭 통계:
  0개 일치: 134회 (67.00%)
  1개 일치: 63회 (31.50%)
  2개 일치: 3회 (1.50%)

[2025-01-09 21:20:04] INFO: 
=== 1051회차 학습 시작 ===
[2025-01-09 21:20:04] INFO: 실제 당첨번호: [21, 26, 30, 32, 33, 35]
[2025-01-09 21:20:10] INFO: 학습 완료:
- 최고 점수: 1.13
- 매칭 통계:
  0개 일치: 25회 (12.50%)
  1개 일치: 105회 (52.50%)
  2개 일치: 60회 (30.00%)
  3개 일치: 7회 (3.50%)
  4개 일치: 3회 (1.50%)

[2025-01-09 21:20:10] INFO: 
=== 1052회차 학습 시작 ===
[2025-01-09 21:20:10] INFO: 실제 당첨번호: [5, 17, 26, 27, 35, 38]
[2025-01-09 21:20:16] INFO: 학습 완료:
- 최고 점수: 0.38
- 매칭 통계:
  0개 일치: 50회 (25.00%)
  1개 일치: 116회 (58.00%)
  2개 일치: 31회 (15.50%)
  3개 일치: 3회 (1.50%)

[2025-01-09 21:20:16] INFO: 
=== 1053회차 학습 시작 ===
[2025-01-09 21:20:16] INFO: 실제 당첨번호: [22, 26, 29, 30, 34, 45]
[2025-01-09 21:20:21] INFO: 학습 완료:
- 최고 점수: 1.51
- 매칭 통계:
  0개 일치: 21회 (10.50%)
  1개 일치: 94회 (47.00%)
  2개 일치: 69회 (34.50%)
  3개 일치: 16회 (8.00%)

[2025-01-09 21:20:21] INFO: 
=== 1054회차 학습 시작 ===
[2025-01-09 21:20:21] INFO: 실제 당첨번호: [14, 19, 27, 28, 30, 45]
[2025-01-09 21:20:27] INFO: 학습 완료:
- 최고 점수: 0.69
- 매칭 통계:
  0개 일치: 52회 (26.00%)
  1개 일치: 109회 (54.50%)
  2개 일치: 37회 (18.50%)
  3개 일치: 2회 (1.00%)

[2025-01-09 21:20:27] INFO: 
=== 1055회차 학습 시작 ===
[2025-01-09 21:20:27] INFO: 실제 당첨번호: [4, 7, 12, 14, 22, 33]
[2025-01-09 21:20:33] INFO: 학습 완료:
- 최고 점수: 0.15
- 매칭 통계:
  0개 일치: 141회 (70.50%)
  1개 일치: 57회 (28.50%)
  2개 일치: 2회 (1.00%)

[2025-01-09 21:20:33] INFO: 
=== 1056회차 학습 시작 ===
[2025-01-09 21:20:33] INFO: 실제 당첨번호: [13, 20, 24, 32, 36, 45]
[2025-01-09 21:20:39] INFO: 학습 완료:
- 최고 점수: 0.12
- 매칭 통계:
  0개 일치: 149회 (74.50%)
  1개 일치: 41회 (20.50%)
  2개 일치: 10회 (5.00%)

[2025-01-09 21:20:39] INFO: 
=== 1057회차 학습 시작 ===
[2025-01-09 21:20:39] INFO: 실제 당첨번호: [8, 13, 19, 27, 40, 45]
[2025-01-09 21:20:45] INFO: 학습 완료:
- 최고 점수: 0.05
- 매칭 통계:
  0개 일치: 169회 (84.50%)
  1개 일치: 31회 (15.50%)

[2025-01-09 21:20:45] INFO: 
=== 1058회차 학습 시작 ===
[2025-01-09 21:20:45] INFO: 실제 당첨번호: [11, 23, 25, 30, 32, 40]
[2025-01-09 21:20:51] INFO: 학습 완료:
- 최고 점수: 0.33
- 매칭 통계:
  0개 일치: 89회 (44.50%)
  1개 일치: 90회 (45.00%)
  2개 일치: 16회 (8.00%)
  3개 일치: 5회 (2.50%)

[2025-01-09 21:20:51] INFO: 
=== 1059회차 학습 시작 ===
[2025-01-09 21:20:51] INFO: 실제 당첨번호: [7, 10, 22, 25, 34, 40]
[2025-01-09 21:20:57] INFO: 학습 완료:
- 최고 점수: 0.17
- 매칭 통계:
  0개 일치: 140회 (70.00%)
  1개 일치: 54회 (27.00%)
  2개 일치: 6회 (3.00%)

[2025-01-09 21:20:57] INFO: 
=== 1060회차 학습 시작 ===
[2025-01-09 21:20:57] INFO: 실제 당첨번호: [3, 10, 24, 33, 38, 45]
[2025-01-09 21:21:03] INFO: 학습 완료:
- 최고 점수: 0.25
- 매칭 통계:
  0개 일치: 127회 (63.50%)
  1개 일치: 63회 (31.50%)
  2개 일치: 5회 (2.50%)
  3개 일치: 4회 (2.00%)
  4개 일치: 1회 (0.50%)

[2025-01-09 21:21:03] INFO: 
=== 1061회차 학습 시작 ===
[2025-01-09 21:21:03] INFO: 실제 당첨번호: [4, 24, 27, 35, 37, 45]
[2025-01-09 21:21:09] INFO: 학습 완료:
- 최고 점수: 0.38
- 매칭 통계:
  0개 일치: 101회 (50.50%)
  1개 일치: 74회 (37.00%)
  2개 일치: 21회 (10.50%)
  3개 일치: 4회 (2.00%)

[2025-01-09 21:21:09] INFO: 
=== 1062회차 학습 시작 ===
[2025-01-09 21:21:09] INFO: 실제 당첨번호: [20, 31, 32, 40, 41, 45]
[2025-01-09 21:21:14] INFO: 학습 완료:
- 최고 점수: 0.41
- 매칭 통계:
  0개 일치: 49회 (24.50%)
  1개 일치: 129회 (64.50%)
  2개 일치: 21회 (10.50%)
  3개 일치: 1회 (0.50%)

[2025-01-09 21:21:14] INFO: 
=== 1063회차 학습 시작 ===
[2025-01-09 21:21:14] INFO: 실제 당첨번호: [3, 6, 22, 23, 24, 38]
[2025-01-09 21:21:19] INFO: 학습 완료:
- 최고 점수: 0.24
- 매칭 통계:
  0개 일치: 143회 (71.50%)
  1개 일치: 56회 (28.00%)
  2개 일치: 1회 (0.50%)

[2025-01-09 21:21:19] INFO: 
=== 1064회차 학습 시작 ===
[2025-01-09 21:21:19] INFO: 실제 당첨번호: [3, 6, 9, 18, 22, 35]
[2025-01-09 21:21:24] INFO: 학습 완료:
- 최고 점수: 0.44
- 매칭 통계:
  0개 일치: 59회 (29.50%)
  1개 일치: 106회 (53.00%)
  2개 일치: 33회 (16.50%)
  3개 일치: 2회 (1.00%)

[2025-01-09 21:21:24] INFO: 
=== 1065회차 학습 시작 ===
[2025-01-09 21:21:24] INFO: 실제 당첨번호: [3, 18, 19, 23, 32, 45]
[2025-01-09 21:21:30] INFO: 학습 완료:
- 최고 점수: 0.09
- 매칭 통계:
  0개 일치: 155회 (77.50%)
  1개 일치: 41회 (20.50%)
  2개 일치: 4회 (2.00%)

[2025-01-09 21:21:30] INFO: 
=== 1066회차 학습 시작 ===
[2025-01-09 21:21:30] INFO: 실제 당첨번호: [6, 11, 16, 19, 21, 32]
[2025-01-09 21:21:36] INFO: 학습 완료:
- 최고 점수: 0.22
- 매칭 통계:
  0개 일치: 141회 (70.50%)
  1개 일치: 50회 (25.00%)
  2개 일치: 8회 (4.00%)
  3개 일치: 1회 (0.50%)

[2025-01-09 21:21:36] INFO: 
=== 1067회차 학습 시작 ===
[2025-01-09 21:21:36] INFO: 실제 당첨번호: [7, 10, 19, 23, 28, 33]
[2025-01-09 21:21:42] INFO: 학습 완료:
- 최고 점수: 0.55
- 매칭 통계:
  0개 일치: 78회 (39.00%)
  1개 일치: 96회 (48.00%)
  2개 일치: 22회 (11.00%)
  3개 일치: 4회 (2.00%)

[2025-01-09 21:21:42] INFO: 
=== 1068회차 학습 시작 ===
[2025-01-09 21:21:42] INFO: 실제 당첨번호: [4, 7, 19, 26, 33, 35]
[2025-01-09 21:21:47] INFO: 학습 완료:
- 최고 점수: 0.69
- 매칭 통계:
  0개 일치: 47회 (23.50%)
  1개 일치: 104회 (52.00%)
  2개 일치: 43회 (21.50%)
  3개 일치: 6회 (3.00%)

[2025-01-09 21:21:47] INFO: 
=== 1069회차 학습 시작 ===
[2025-01-09 21:21:47] INFO: 실제 당첨번호: [1, 10, 18, 22, 28, 31]
[2025-01-09 21:21:53] INFO: 학습 완료:
- 최고 점수: 1.31
- 매칭 통계:
  0개 일치: 26회 (13.00%)
  1개 일치: 104회 (52.00%)
  2개 일치: 58회 (29.00%)
  3개 일치: 11회 (5.50%)
  4개 일치: 1회 (0.50%)

[2025-01-09 21:21:53] INFO: 
=== 1070회차 학습 시작 ===
[2025-01-09 21:21:53] INFO: 실제 당첨번호: [3, 6, 14, 22, 30, 41]
[2025-01-09 21:21:59] INFO: 학습 완료:
- 최고 점수: 0.76
- 매칭 통계:
  0개 일치: 38회 (19.00%)
  1개 일치: 88회 (44.00%)
  2개 일치: 66회 (33.00%)
  3개 일치: 8회 (4.00%)

[2025-01-09 21:21:59] INFO: 
=== 1071회차 학습 시작 ===
[2025-01-09 21:21:59] INFO: 실제 당첨번호: [1, 2, 11, 21, 30, 35]
[2025-01-09 21:22:05] INFO: 학습 완료:
- 최고 점수: 1.93
- 매칭 통계:
  0개 일치: 24회 (12.00%)
  1개 일치: 82회 (41.00%)
  2개 일치: 69회 (34.50%)
  3개 일치: 25회 (12.50%)

[2025-01-09 21:22:05] INFO: 
=== 1072회차 학습 시작 ===
[2025-01-09 21:22:05] INFO: 실제 당첨번호: [16, 18, 20, 23, 32, 43]
[2025-01-09 21:22:10] INFO: 학습 완료:
- 최고 점수: 0.24
- 매칭 통계:
  0개 일치: 146회 (73.00%)
  1개 일치: 45회 (22.50%)
  2개 일치: 9회 (4.50%)

[2025-01-09 21:22:10] INFO: 
=== 1073회차 학습 시작 ===
[2025-01-09 21:22:10] INFO: 실제 당첨번호: [6, 18, 28, 30, 32, 38]
[2025-01-09 21:22:16] INFO: 학습 완료:
- 최고 점수: 0.63
- 매칭 통계:
  0개 일치: 36회 (18.00%)
  1개 일치: 110회 (55.00%)
  2개 일치: 54회 (27.00%)

[2025-01-09 21:22:16] INFO: 
=== 1074회차 학습 시작 ===
[2025-01-09 21:22:16] INFO: 실제 당첨번호: [1, 6, 20, 27, 28, 41]
[2025-01-09 21:22:22] INFO: 학습 완료:
- 최고 점수: 2.70
- 매칭 통계:
  0개 일치: 9회 (4.50%)
  1개 일치: 66회 (33.00%)
  2개 일치: 80회 (40.00%)
  3개 일치: 42회 (21.00%)
  4개 일치: 3회 (1.50%)

[2025-01-09 21:22:22] INFO: 
=== 1075회차 학습 시작 ===
[2025-01-09 21:22:22] INFO: 실제 당첨번호: [1, 23, 24, 35, 44, 45]
[2025-01-09 21:22:28] INFO: 학습 완료:
- 최고 점수: 1.24
- 매칭 통계:
  0개 일치: 30회 (15.00%)
  1개 일치: 116회 (58.00%)
  2개 일치: 49회 (24.50%)
  3개 일치: 5회 (2.50%)

[2025-01-09 21:22:28] INFO: 
=== 1076회차 학습 시작 ===
[2025-01-09 21:22:28] INFO: 실제 당첨번호: [3, 7, 9, 33, 36, 37]
[2025-01-09 21:22:34] INFO: 학습 완료:
- 최고 점수: 0.74
- 매칭 통계:
  0개 일치: 46회 (23.00%)
  1개 일치: 114회 (57.00%)
  2개 일치: 37회 (18.50%)
  3개 일치: 3회 (1.50%)

[2025-01-09 21:22:34] INFO: 
=== 1077회차 학습 시작 ===
[2025-01-09 21:22:34] INFO: 실제 당첨번호: [4, 8, 17, 30, 40, 43]
[2025-01-09 21:22:39] INFO: 학습 완료:
- 최고 점수: 0.28
- 매칭 통계:
  0개 일치: 90회 (45.00%)
  1개 일치: 100회 (50.00%)
  2개 일치: 10회 (5.00%)

[2025-01-09 21:22:39] INFO: 
=== 1078회차 학습 시작 ===
[2025-01-09 21:22:39] INFO: 실제 당첨번호: [6, 10, 11, 14, 36, 38]
[2025-01-09 21:22:45] INFO: 학습 완료:
- 최고 점수: 0.21
- 매칭 통계:
  0개 일치: 125회 (62.50%)
  1개 일치: 69회 (34.50%)
  2개 일치: 5회 (2.50%)
  3개 일치: 1회 (0.50%)

[2025-01-09 21:22:45] INFO: 
=== 1079회차 학습 시작 ===
[2025-01-09 21:22:45] INFO: 실제 당첨번호: [4, 8, 18, 24, 37, 45]
[2025-01-09 21:22:51] INFO: 학습 완료:
- 최고 점수: 0.32
- 매칭 통계:
  0개 일치: 102회 (51.00%)
  1개 일치: 87회 (43.50%)
  2개 일치: 10회 (5.00%)
  3개 일치: 1회 (0.50%)

[2025-01-09 21:22:51] INFO: 
=== 1080회차 학습 시작 ===
[2025-01-09 21:22:51] INFO: 실제 당첨번호: [13, 16, 23, 31, 36, 44]
[2025-01-09 21:22:57] INFO: 학습 완료:
- 최고 점수: 0.24
- 매칭 통계:
  0개 일치: 128회 (64.00%)
  1개 일치: 63회 (31.50%)
  2개 일치: 9회 (4.50%)

[2025-01-09 21:22:57] INFO: 
=== 1081회차 학습 시작 ===
[2025-01-09 21:22:57] INFO: 실제 당첨번호: [1, 9, 16, 23, 24, 38]
[2025-01-09 21:23:03] INFO: 학습 완료:
- 최고 점수: 1.96
- 매칭 통계:
  0개 일치: 11회 (5.50%)
  1개 일치: 75회 (37.50%)
  2개 일치: 85회 (42.50%)
  3개 일치: 25회 (12.50%)
  4개 일치: 4회 (2.00%)

[2025-01-09 21:23:03] INFO: 
=== 1082회차 학습 시작 ===
[2025-01-09 21:23:03] INFO: 실제 당첨번호: [21, 26, 27, 32, 34, 42]
[2025-01-09 21:23:08] INFO: 학습 완료:
- 최고 점수: 0.39
- 매칭 통계:
  0개 일치: 48회 (24.00%)
  1개 일치: 127회 (63.50%)
  2개 일치: 24회 (12.00%)
  3개 일치: 1회 (0.50%)

[2025-01-09 21:23:08] INFO: 
=== 1083회차 학습 시작 ===
[2025-01-09 21:23:08] INFO: 실제 당첨번호: [3, 7, 14, 15, 22, 38]
[2025-01-09 21:23:14] INFO: 학습 완료:
- 최고 점수: 0.09
- 매칭 통계:
  0개 일치: 155회 (77.50%)
  1개 일치: 41회 (20.50%)
  2개 일치: 4회 (2.00%)

[2025-01-09 21:23:14] INFO: 
=== 1084회차 학습 시작 ===
[2025-01-09 21:23:14] INFO: 실제 당첨번호: [8, 12, 13, 29, 33, 42]
[2025-01-09 21:23:20] INFO: 학습 완료:
- 최고 점수: 0.14
- 매칭 통계:
  0개 일치: 128회 (64.00%)
  1개 일치: 67회 (33.50%)
  2개 일치: 5회 (2.50%)

[2025-01-09 21:23:20] INFO: 
=== 1085회차 학습 시작 ===
[2025-01-09 21:23:20] INFO: 실제 당첨번호: [4, 7, 17, 18, 38, 44]
[2025-01-09 21:23:25] INFO: 학습 완료:
- 최고 점수: 0.09
- 매칭 통계:
  0개 일치: 154회 (77.00%)
  1개 일치: 42회 (21.00%)
  2개 일치: 4회 (2.00%)

[2025-01-09 21:23:25] INFO: 
=== 1086회차 학습 시작 ===
[2025-01-09 21:23:25] INFO: 실제 당첨번호: [11, 16, 25, 27, 35, 36]
[2025-01-09 21:23:31] INFO: 학습 완료:
- 최고 점수: 0.32
- 매칭 통계:
  0개 일치: 107회 (53.50%)
  1개 일치: 80회 (40.00%)
  2개 일치: 13회 (6.50%)

[2025-01-09 21:23:31] INFO: 
=== 1087회차 학습 시작 ===
[2025-01-09 21:23:31] INFO: 실제 당첨번호: [13, 14, 18, 21, 34, 44]
[2025-01-09 21:23:37] INFO: 학습 완료:
- 최고 점수: 0.12
- 매칭 통계:
  0개 일치: 142회 (71.00%)
  1개 일치: 54회 (27.00%)
  2개 일치: 4회 (2.00%)

[2025-01-09 21:23:37] INFO: 
=== 1088회차 학습 시작 ===
[2025-01-09 21:23:37] INFO: 실제 당첨번호: [11, 21, 22, 30, 39, 44]
[2025-01-09 21:23:43] INFO: 학습 완료:
- 최고 점수: 0.41
- 매칭 통계:
  0개 일치: 77회 (38.50%)
  1개 일치: 95회 (47.50%)
  2개 일치: 26회 (13.00%)
  3개 일치: 2회 (1.00%)

[2025-01-09 21:23:43] INFO: 
=== 1089회차 학습 시작 ===
[2025-01-09 21:23:43] INFO: 실제 당첨번호: [4, 18, 31, 37, 42, 43]
[2025-01-09 21:23:48] INFO: 학습 완료:
- 최고 점수: 0.22
- 매칭 통계:
  0개 일치: 109회 (54.50%)
  1개 일치: 72회 (36.00%)
  2개 일치: 16회 (8.00%)
  3개 일치: 3회 (1.50%)

[2025-01-09 21:23:48] INFO: 
=== 1090회차 학습 시작 ===
[2025-01-09 21:23:48] INFO: 실제 당첨번호: [12, 19, 21, 29, 40, 45]
[2025-01-09 21:23:54] INFO: 학습 완료:
- 최고 점수: 0.18
- 매칭 통계:
  0개 일치: 130회 (65.00%)
  1개 일치: 63회 (31.50%)
  2개 일치: 7회 (3.50%)

[2025-01-09 21:23:54] INFO: 
=== 1091회차 학습 시작 ===
[2025-01-09 21:23:54] INFO: 실제 당첨번호: [6, 20, 23, 24, 28, 30]
[2025-01-09 21:24:00] INFO: 학습 완료:
- 최고 점수: 1.09
- 매칭 통계:
  0개 일치: 47회 (23.50%)
  1개 일치: 86회 (43.00%)
  2개 일치: 58회 (29.00%)
  3개 일치: 9회 (4.50%)

[2025-01-09 21:24:00] INFO: 
=== 1092회차 학습 시작 ===
[2025-01-09 21:24:00] INFO: 실제 당첨번호: [7, 18, 19, 26, 33, 45]
[2025-01-09 21:24:06] INFO: 학습 완료:
- 최고 점수: 0.39
- 매칭 통계:
  0개 일치: 66회 (33.00%)
  1개 일치: 115회 (57.50%)
  2개 일치: 18회 (9.00%)
  3개 일치: 1회 (0.50%)

[2025-01-09 21:24:06] INFO: 
=== 1093회차 학습 시작 ===
[2025-01-09 21:24:06] INFO: 실제 당첨번호: [10, 17, 22, 30, 35, 43]
[2025-01-09 21:24:12] INFO: 학습 완료:
- 최고 점수: 0.45
- 매칭 통계:
  0개 일치: 71회 (35.50%)
  1개 일치: 93회 (46.50%)
  2개 일치: 32회 (16.00%)
  3개 일치: 4회 (2.00%)

[2025-01-09 21:24:12] INFO: 
=== 1094회차 학습 시작 ===
[2025-01-09 21:24:12] INFO: 실제 당첨번호: [6, 7, 15, 22, 26, 40]
[2025-01-09 21:24:17] INFO: 학습 완료:
- 최고 점수: 0.34
- 매칭 통계:
  0개 일치: 53회 (26.50%)
  1개 일치: 123회 (61.50%)
  2개 일치: 23회 (11.50%)
  3개 일치: 1회 (0.50%)

[2025-01-09 21:24:17] INFO: 
=== 1095회차 학습 시작 ===
[2025-01-09 21:24:17] INFO: 실제 당첨번호: [8, 14, 28, 29, 34, 40]
[2025-01-09 21:24:23] INFO: 학습 완료:
- 최고 점수: 0.57
- 매칭 통계:
  0개 일치: 70회 (35.00%)
  1개 일치: 88회 (44.00%)
  2개 일치: 39회 (19.50%)
  3개 일치: 3회 (1.50%)

[2025-01-09 21:24:23] INFO: 
=== 1096회차 학습 시작 ===
[2025-01-09 21:24:23] INFO: 실제 당첨번호: [1, 12, 16, 19, 23, 43]
[2025-01-09 21:24:29] INFO: 학습 완료:
- 최고 점수: 0.44
- 매칭 통계:
  0개 일치: 47회 (23.50%)
  1개 일치: 124회 (62.00%)
  2개 일치: 27회 (13.50%)
  3개 일치: 2회 (1.00%)

[2025-01-09 21:24:29] INFO: 
=== 1097회차 학습 시작 ===
[2025-01-09 21:24:29] INFO: 실제 당첨번호: [14, 33, 34, 35, 37, 40]
[2025-01-09 21:24:35] INFO: 학습 완료:
- 최고 점수: 0.45
- 매칭 통계:
  0개 일치: 95회 (47.50%)
  1개 일치: 77회 (38.50%)
  2개 일치: 25회 (12.50%)
  3개 일치: 3회 (1.50%)

[2025-01-09 21:24:35] INFO: 
=== 1098회차 학습 시작 ===
[2025-01-09 21:24:35] INFO: 실제 당첨번호: [12, 16, 21, 24, 41, 43]
[2025-01-09 21:24:40] INFO: 학습 완료:
- 최고 점수: 0.66
- 매칭 통계:
  0개 일치: 49회 (24.50%)
  1개 일치: 111회 (55.50%)
  2개 일치: 38회 (19.00%)
  3개 일치: 2회 (1.00%)

[2025-01-09 21:24:40] INFO: 
=== 1099회차 학습 시작 ===
[2025-01-09 21:24:40] INFO: 실제 당첨번호: [3, 20, 28, 38, 40, 43]
[2025-01-09 21:24:46] INFO: 학습 완료:
- 최고 점수: 0.23
- 매칭 통계:
  0개 일치: 82회 (41.00%)
  1개 일치: 100회 (50.00%)
  2개 일치: 17회 (8.50%)
  3개 일치: 1회 (0.50%)

[2025-01-09 21:24:46] INFO: 
=== 1100회차 학습 시작 ===
[2025-01-09 21:24:46] INFO: 실제 당첨번호: [17, 26, 29, 30, 31, 43]
[2025-01-09 21:24:52] INFO: 학습 완료:
- 최고 점수: 1.57
- 매칭 통계:
  0개 일치: 17회 (8.50%)
  1개 일치: 86회 (43.00%)
  2개 일치: 81회 (40.50%)
  3개 일치: 16회 (8.00%)

[2025-01-09 21:24:52] INFO: 
=== 1101회차 학습 시작 ===
[2025-01-09 21:24:52] INFO: 실제 당첨번호: [6, 7, 13, 28, 36, 42]
[2025-01-09 21:24:58] INFO: 학습 완료:
- 최고 점수: 0.24
- 매칭 통계:
  0개 일치: 84회 (42.00%)
  1개 일치: 101회 (50.50%)
  2개 일치: 14회 (7.00%)
  3개 일치: 1회 (0.50%)

[2025-01-09 21:24:58] INFO: 
=== 1102회차 학습 시작 ===
[2025-01-09 21:24:58] INFO: 실제 당첨번호: [13, 14, 22, 26, 37, 38]
[2025-01-09 21:25:04] INFO: 학습 완료:
- 최고 점수: 0.71
- 매칭 통계:
  0개 일치: 53회 (26.50%)
  1개 일치: 108회 (54.00%)
  2개 일치: 32회 (16.00%)
  3개 일치: 7회 (3.50%)

[2025-01-09 21:25:04] INFO: 
=== 1103회차 학습 시작 ===
[2025-01-09 21:25:04] INFO: 실제 당첨번호: [10, 12, 29, 31, 40, 44]
[2025-01-09 21:25:10] INFO: 학습 완료:
- 최고 점수: 0.29
- 매칭 통계:
  0개 일치: 126회 (63.00%)
  1개 일치: 64회 (32.00%)
  2개 일치: 9회 (4.50%)
  3개 일치: 1회 (0.50%)

[2025-01-09 21:25:10] INFO: 
=== 1104회차 학습 시작 ===
[2025-01-09 21:25:10] INFO: 실제 당첨번호: [1, 7, 21, 30, 35, 38]
[2025-01-09 21:25:15] INFO: 학습 완료:
- 최고 점수: 1.57
- 매칭 통계:
  0개 일치: 17회 (8.50%)
  1개 일치: 86회 (43.00%)
  2개 일치: 82회 (41.00%)
  3개 일치: 13회 (6.50%)
  4개 일치: 2회 (1.00%)

[2025-01-09 21:25:15] INFO: 
=== 1105회차 학습 시작 ===
[2025-01-09 21:25:15] INFO: 실제 당첨번호: [6, 16, 34, 37, 39, 40]
[2025-01-09 21:25:21] INFO: 학습 완료:
- 최고 점수: 0.24
- 매칭 통계:
  0개 일치: 129회 (64.50%)
  1개 일치: 62회 (31.00%)
  2개 일치: 8회 (4.00%)
  3개 일치: 1회 (0.50%)

[2025-01-09 21:25:21] INFO: 
=== 1106회차 학습 시작 ===
[2025-01-09 21:25:21] INFO: 실제 당첨번호: [1, 3, 4, 29, 42, 45]
[2025-01-09 21:25:27] INFO: 학습 완료:
- 최고 점수: 0.67
- 매칭 통계:
  0개 일치: 42회 (21.00%)
  1개 일치: 110회 (55.00%)
  2개 일치: 46회 (23.00%)
  3개 일치: 2회 (1.00%)

[2025-01-09 21:25:27] INFO: 
=== 1107회차 학습 시작 ===
[2025-01-09 21:25:27] INFO: 실제 당첨번호: [6, 14, 30, 31, 40, 41]
[2025-01-09 21:25:32] INFO: 학습 완료:
- 최고 점수: 1.13
- 매칭 통계:
  0개 일치: 37회 (18.50%)
  1개 일치: 92회 (46.00%)
  2개 일치: 65회 (32.50%)
  3개 일치: 6회 (3.00%)

[2025-01-09 21:25:32] INFO: 
=== 1108회차 학습 시작 ===
[2025-01-09 21:25:32] INFO: 실제 당첨번호: [7, 19, 26, 37, 39, 44]
[2025-01-09 21:25:38] INFO: 학습 완료:
- 최고 점수: 0.35
- 매칭 통계:
  0개 일치: 44회 (22.00%)
  1개 일치: 122회 (61.00%)
  2개 일치: 32회 (16.00%)
  3개 일치: 2회 (1.00%)

[2025-01-09 21:25:38] INFO: 
=== 1109회차 학습 시작 ===
[2025-01-09 21:25:38] INFO: 실제 당첨번호: [10, 12, 13, 19, 33, 40]
[2025-01-09 21:25:44] INFO: 학습 완료:
- 최고 점수: 0.10
- 매칭 통계:
  0개 일치: 141회 (70.50%)
  1개 일치: 55회 (27.50%)
  2개 일치: 4회 (2.00%)

[2025-01-09 21:25:44] INFO: 
=== 1110회차 학습 시작 ===
[2025-01-09 21:25:44] INFO: 실제 당첨번호: [3, 7, 11, 20, 22, 41]
[2025-01-09 21:25:49] INFO: 학습 완료:
- 최고 점수: 0.36
- 매칭 통계:
  0개 일치: 76회 (38.00%)
  1개 일치: 101회 (50.50%)
  2개 일치: 22회 (11.00%)
  3개 일치: 1회 (0.50%)

[2025-01-09 21:25:49] INFO: 
=== 1111회차 학습 시작 ===
[2025-01-09 21:25:49] INFO: 실제 당첨번호: [3, 13, 30, 33, 43, 45]
[2025-01-09 21:25:55] INFO: 학습 완료:
- 최고 점수: 0.38
- 매칭 통계:
  0개 일치: 81회 (40.50%)
  1개 일치: 90회 (45.00%)
  2개 일치: 26회 (13.00%)
  3개 일치: 3회 (1.50%)

[2025-01-09 21:25:55] INFO: 
=== 1112회차 학습 시작 ===
[2025-01-09 21:25:55] INFO: 실제 당첨번호: [16, 20, 26, 36, 42, 44]
[2025-01-09 21:26:01] INFO: 학습 완료:
- 최고 점수: 0.46
- 매칭 통계:
  0개 일치: 44회 (22.00%)
  1개 일치: 129회 (64.50%)
  2개 일치: 26회 (13.00%)
  3개 일치: 1회 (0.50%)

[2025-01-09 21:26:01] INFO: 
=== 1113회차 학습 시작 ===
[2025-01-09 21:26:01] INFO: 실제 당첨번호: [11, 13, 20, 21, 32, 44]
[2025-01-09 21:26:07] INFO: 학습 완료:
- 최고 점수: 0.22
- 매칭 통계:
  0개 일치: 138회 (69.00%)
  1개 일치: 57회 (28.50%)
  2개 일치: 4회 (2.00%)
  3개 일치: 1회 (0.50%)

[2025-01-09 21:26:07] INFO: 
=== 1114회차 학습 시작 ===
[2025-01-09 21:26:07] INFO: 실제 당첨번호: [10, 16, 19, 32, 33, 38]
[2025-01-09 21:26:12] INFO: 학습 완료:
- 최고 점수: 0.16
- 매칭 통계:
  0개 일치: 130회 (65.00%)
  1개 일치: 61회 (30.50%)
  2개 일치: 7회 (3.50%)
  3개 일치: 2회 (1.00%)

[2025-01-09 21:26:12] INFO: 
=== 1115회차 학습 시작 ===
[2025-01-09 21:26:12] INFO: 실제 당첨번호: [7, 12, 23, 32, 34, 36]
[2025-01-09 21:26:18] INFO: 학습 완료:
- 최고 점수: 0.12
- 매칭 통계:
  0개 일치: 159회 (79.50%)
  1개 일치: 39회 (19.50%)
  2개 일치: 2회 (1.00%)

[2025-01-09 21:26:18] INFO: 
=== 1116회차 학습 시작 ===
[2025-01-09 21:26:18] INFO: 실제 당첨번호: [15, 16, 17, 25, 30, 31]
[2025-01-09 21:26:24] INFO: 학습 완료:
- 최고 점수: 0.40
- 매칭 통계:
  0개 일치: 67회 (33.50%)
  1개 일치: 106회 (53.00%)
  2개 일치: 25회 (12.50%)
  3개 일치: 2회 (1.00%)

[2025-01-09 21:26:24] INFO: 
=== 1117회차 학습 시작 ===
[2025-01-09 21:26:24] INFO: 실제 당첨번호: [3, 4, 9, 30, 33, 36]
[2025-01-09 21:26:29] INFO: 학습 완료:
- 최고 점수: 1.93
- 매칭 통계:
  0개 일치: 27회 (13.50%)
  1개 일치: 81회 (40.50%)
  2개 일치: 76회 (38.00%)
  3개 일치: 16회 (8.00%)

[2025-01-09 21:26:29] INFO: 
=== 1118회차 학습 시작 ===
[2025-01-09 21:26:29] INFO: 실제 당첨번호: [11, 13, 14, 15, 16, 45]
[2025-01-09 21:26:35] INFO: 학습 완료:
- 최고 점수: 0.24
- 매칭 통계:
  0개 일치: 121회 (60.50%)
  1개 일치: 66회 (33.00%)
  2개 일치: 13회 (6.50%)

[2025-01-09 21:26:35] INFO: 
=== 1119회차 학습 시작 ===
[2025-01-09 21:26:35] INFO: 실제 당첨번호: [1, 9, 12, 13, 20, 45]
[2025-01-09 21:26:41] INFO: 학습 완료:
- 최고 점수: 1.14
- 매칭 통계:
  0개 일치: 22회 (11.00%)
  1개 일치: 93회 (46.50%)
  2개 일치: 75회 (37.50%)
  3개 일치: 10회 (5.00%)

[2025-01-09 21:26:41] INFO: 
=== 1120회차 학습 시작 ===
[2025-01-09 21:26:41] INFO: 실제 당첨번호: [2, 19, 26, 31, 38, 41]
[2025-01-09 21:26:46] INFO: 학습 완료:
- 최고 점수: 1.66
- 매칭 통계:
  0개 일치: 19회 (9.50%)
  1개 일치: 81회 (40.50%)
  2개 일치: 78회 (39.00%)
  3개 일치: 21회 (10.50%)
  4개 일치: 1회 (0.50%)

[2025-01-09 21:26:46] INFO: 
=== 1121회차 학습 시작 ===
[2025-01-09 21:26:46] INFO: 실제 당첨번호: [6, 24, 31, 32, 38, 44]
[2025-01-09 21:26:52] INFO: 학습 완료:
- 최고 점수: 0.13
- 매칭 통계:
  0개 일치: 150회 (75.00%)
  1개 일치: 46회 (23.00%)
  2개 일치: 4회 (2.00%)

[2025-01-09 21:26:52] INFO: 
=== 1122회차 학습 시작 ===
[2025-01-09 21:26:52] INFO: 실제 당첨번호: [3, 6, 21, 30, 34, 35]
[2025-01-09 21:26:58] INFO: 학습 완료:
- 최고 점수: 0.90
- 매칭 통계:
  0개 일치: 61회 (30.50%)
  1개 일치: 105회 (52.50%)
  2개 일치: 29회 (14.50%)
  3개 일치: 5회 (2.50%)

[2025-01-09 21:26:58] INFO: 
=== 1123회차 학습 시작 ===
[2025-01-09 21:26:58] INFO: 실제 당첨번호: [13, 19, 21, 24, 34, 35]
[2025-01-09 21:27:03] INFO: 학습 완료:
- 최고 점수: 0.38
- 매칭 통계:
  0개 일치: 106회 (53.00%)
  1개 일치: 75회 (37.50%)
  2개 일치: 18회 (9.00%)
  3개 일치: 1회 (0.50%)

[2025-01-09 21:27:03] INFO: 
=== 1124회차 학습 시작 ===
[2025-01-09 21:27:03] INFO: 실제 당첨번호: [3, 8, 17, 30, 33, 34]
[2025-01-09 21:27:09] INFO: 학습 완료:
- 최고 점수: 0.32
- 매칭 통계:
  0개 일치: 82회 (41.00%)
  1개 일치: 102회 (51.00%)
  2개 일치: 16회 (8.00%)

[2025-01-09 21:27:09] INFO: 
=== 1125회차 학습 시작 ===
[2025-01-09 21:27:09] INFO: 실제 당첨번호: [6, 14, 25, 33, 40, 44]
[2025-01-09 21:27:15] INFO: 학습 완료:
- 최고 점수: 0.15
- 매칭 통계:
  0개 일치: 124회 (62.00%)
  1개 일치: 65회 (32.50%)
  2개 일치: 10회 (5.00%)
  3개 일치: 1회 (0.50%)

[2025-01-09 21:27:15] INFO: 
=== 1126회차 학습 시작 ===
[2025-01-09 21:27:15] INFO: 실제 당첨번호: [4, 5, 9, 11, 37, 40]
[2025-01-09 21:27:20] INFO: 학습 완료:
- 최고 점수: 0.67
- 매칭 통계:
  0개 일치: 45회 (22.50%)
  1개 일치: 109회 (54.50%)
  2개 일치: 38회 (19.00%)
  3개 일치: 8회 (4.00%)

[2025-01-09 21:27:20] INFO: 
=== 1127회차 학습 시작 ===
[2025-01-09 21:27:20] INFO: 실제 당첨번호: [10, 15, 24, 30, 31, 37]
[2025-01-09 21:27:26] INFO: 학습 완료:
- 최고 점수: 0.95
- 매칭 통계:
  0개 일치: 53회 (26.50%)
  1개 일치: 102회 (51.00%)
  2개 일치: 40회 (20.00%)
  3개 일치: 5회 (2.50%)

[2025-01-09 21:27:26] INFO: 
=== 1128회차 학습 시작 ===
[2025-01-09 21:27:26] INFO: 실제 당첨번호: [1, 5, 8, 16, 28, 33]
[2025-01-09 21:27:31] INFO: 학습 완료:
- 최고 점수: 1.10
- 매칭 통계:
  0개 일치: 32회 (16.00%)
  1개 일치: 98회 (49.00%)
  2개 일치: 61회 (30.50%)
  3개 일치: 9회 (4.50%)

[2025-01-09 21:27:31] INFO: 
=== 1129회차 학습 시작 ===
[2025-01-09 21:27:31] INFO: 실제 당첨번호: [5, 10, 11, 17, 28, 34]
[2025-01-09 21:27:37] INFO: 학습 완료:
- 최고 점수: 0.39
- 매칭 통계:
  0개 일치: 87회 (43.50%)
  1개 일치: 98회 (49.00%)
  2개 일치: 15회 (7.50%)

[2025-01-09 21:27:37] INFO: 
=== 1130회차 학습 시작 ===
[2025-01-09 21:27:37] INFO: 실제 당첨번호: [15, 19, 21, 25, 27, 28]
[2025-01-09 21:27:43] INFO: 학습 완료:
- 최고 점수: 0.46
- 매칭 통계:
  0개 일치: 81회 (40.50%)
  1개 일치: 91회 (45.50%)
  2개 일치: 27회 (13.50%)
  3개 일치: 1회 (0.50%)

[2025-01-09 21:27:43] INFO: 
=== 1131회차 학습 시작 ===
[2025-01-09 21:27:43] INFO: 실제 당첨번호: [1, 2, 6, 14, 27, 38]
[2025-01-09 21:27:48] INFO: 학습 완료:
- 최고 점수: 0.52
- 매칭 통계:
  0개 일치: 54회 (27.00%)
  1개 일치: 110회 (55.00%)
  2개 일치: 35회 (17.50%)
  3개 일치: 1회 (0.50%)

[2025-01-09 21:27:48] INFO: 
=== 1132회차 학습 시작 ===
[2025-01-09 21:27:48] INFO: 실제 당첨번호: [6, 7, 19, 28, 34, 41]
[2025-01-09 21:27:54] INFO: 학습 완료:
- 최고 점수: 0.97
- 매칭 통계:
  0개 일치: 32회 (16.00%)
  1개 일치: 97회 (48.50%)
  2개 일치: 62회 (31.00%)
  3개 일치: 9회 (4.50%)

[2025-01-09 21:27:54] INFO: 
=== 1133회차 학습 시작 ===
[2025-01-09 21:27:54] INFO: 실제 당첨번호: [13, 14, 20, 28, 29, 34]
[2025-01-09 21:28:00] INFO: 학습 완료:
- 최고 점수: 0.77
- 매칭 통계:
  0개 일치: 63회 (31.50%)
  1개 일치: 104회 (52.00%)
  2개 일치: 32회 (16.00%)
  3개 일치: 1회 (0.50%)

[2025-01-09 21:28:00] INFO: 
=== 1134회차 학습 시작 ===
[2025-01-09 21:28:00] INFO: 실제 당첨번호: [3, 7, 9, 13, 19, 24]
[2025-01-09 21:28:05] INFO: 학습 완료:
- 최고 점수: 0.32
- 매칭 통계:
  0개 일치: 68회 (34.00%)
  1개 일치: 107회 (53.50%)
  2개 일치: 24회 (12.00%)
  3개 일치: 1회 (0.50%)

[2025-01-09 21:28:05] INFO: 
=== 1135회차 학습 시작 ===
[2025-01-09 21:28:05] INFO: 실제 당첨번호: [1, 6, 13, 19, 21, 33]
[2025-01-09 21:28:11] INFO: 학습 완료:
- 최고 점수: 0.60
- 매칭 통계:
  0개 일치: 57회 (28.50%)
  1개 일치: 112회 (56.00%)
  2개 일치: 31회 (15.50%)

[2025-01-09 21:28:11] INFO: 
=== 1136회차 학습 시작 ===
[2025-01-09 21:28:11] INFO: 실제 당첨번호: [21, 33, 35, 38, 42, 44]
[2025-01-09 21:28:17] INFO: 학습 완료:
- 최고 점수: 0.31
- 매칭 통계:
  0개 일치: 101회 (50.50%)
  1개 일치: 76회 (38.00%)
  2개 일치: 21회 (10.50%)
  3개 일치: 2회 (1.00%)

[2025-01-09 21:28:17] INFO: 
=== 1137회차 학습 시작 ===
[2025-01-09 21:28:17] INFO: 실제 당첨번호: [4, 9, 12, 15, 33, 45]
[2025-01-09 21:28:22] INFO: 학습 완료:
- 최고 점수: 0.74
- 매칭 통계:
  0개 일치: 56회 (28.00%)
  1개 일치: 101회 (50.50%)
  2개 일치: 40회 (20.00%)
  3개 일치: 3회 (1.50%)

[2025-01-09 21:28:22] INFO: 
=== 1138회차 학습 시작 ===
[2025-01-09 21:28:22] INFO: 실제 당첨번호: [14, 16, 19, 20, 29, 34]
[2025-01-09 21:28:28] INFO: 학습 완료:
- 최고 점수: 0.29
- 매칭 통계:
  0개 일치: 125회 (62.50%)
  1개 일치: 59회 (29.50%)
  2개 일치: 15회 (7.50%)
  3개 일치: 1회 (0.50%)

[2025-01-09 21:28:28] INFO: 
=== 1139회차 학습 시작 ===
[2025-01-09 21:28:28] INFO: 실제 당첨번호: [5, 12, 15, 30, 37, 40]
[2025-01-09 21:28:34] INFO: 학습 완료:
- 최고 점수: 0.46
- 매칭 통계:
  0개 일치: 72회 (36.00%)
  1개 일치: 101회 (50.50%)
  2개 일치: 27회 (13.50%)

[2025-01-09 21:28:34] INFO: 
=== 1140회차 학습 시작 ===
[2025-01-09 21:28:34] INFO: 실제 당첨번호: [7, 10, 22, 29, 31, 38]
[2025-01-09 21:28:39] INFO: 학습 완료:
- 최고 점수: 0.22
- 매칭 통계:
  0개 일치: 108회 (54.00%)
  1개 일치: 73회 (36.50%)
  2개 일치: 16회 (8.00%)
  3개 일치: 3회 (1.50%)

[2025-01-09 21:28:39] INFO: 
=== 1141회차 학습 시작 ===
[2025-01-09 21:28:39] INFO: 실제 당첨번호: [7, 11, 12, 21, 26, 35]
[2025-01-09 21:28:45] INFO: 학습 완료:
- 최고 점수: 0.76
- 매칭 통계:
  0개 일치: 40회 (20.00%)
  1개 일치: 107회 (53.50%)
  2개 일치: 46회 (23.00%)
  3개 일치: 7회 (3.50%)

[2025-01-09 21:28:45] INFO: 
=== 1142회차 학습 시작 ===
[2025-01-09 21:28:45] INFO: 실제 당첨번호: [2, 8, 28, 30, 37, 41]
[2025-01-09 21:28:51] INFO: 학습 완료:
- 최고 점수: 3.30
- 매칭 통계:
  0개 일치: 8회 (4.00%)
  1개 일치: 51회 (25.50%)
  2개 일치: 93회 (46.50%)
  3개 일치: 45회 (22.50%)
  4개 일치: 3회 (1.50%)

[2025-01-09 21:28:51] INFO: 
=== 1143회차 학습 시작 ===
[2025-01-09 21:28:51] INFO: 실제 당첨번호: [10, 16, 17, 27, 28, 36]
[2025-01-09 21:28:58] INFO: 학습 완료:
- 최고 점수: 0.40
- 매칭 통계:
  0개 일치: 82회 (41.00%)
  1개 일치: 94회 (47.00%)
  2개 일치: 23회 (11.50%)
  3개 일치: 1회 (0.50%)

[2025-01-09 21:28:58] INFO: 
=== 1144회차 학습 시작 ===
[2025-01-09 21:28:58] INFO: 실제 당첨번호: [3, 4, 12, 15, 26, 34]
[2025-01-09 21:29:04] INFO: 학습 완료:
- 최고 점수: 0.53
- 매칭 통계:
  0개 일치: 56회 (28.00%)
  1개 일치: 118회 (59.00%)
  2개 일치: 26회 (13.00%)

[2025-01-09 21:29:04] INFO: 
=== 1145회차 학습 시작 ===
[2025-01-09 21:29:04] INFO: 실제 당첨번호: [2, 11, 31, 33, 37, 44]
[2025-01-09 21:29:10] INFO: 학습 완료:
- 최고 점수: 0.48
- 매칭 통계:
  0개 일치: 90회 (45.00%)
  1개 일치: 89회 (44.50%)
  2개 일치: 18회 (9.00%)
  3개 일치: 3회 (1.50%)

[2025-01-09 21:29:10] INFO: 
=== 1146회차 학습 시작 ===
[2025-01-09 21:29:10] INFO: 실제 당첨번호: [6, 11, 17, 19, 40, 43]
[2025-01-09 21:29:15] INFO: 학습 완료:
- 최고 점수: 0.23
- 매칭 통계:
  0개 일치: 148회 (74.00%)
  1개 일치: 47회 (23.50%)
  2개 일치: 4회 (2.00%)
  3개 일치: 1회 (0.50%)

[2025-01-09 21:29:15] INFO: 
=== 1147회차 학습 시작 ===
[2025-01-09 21:29:15] INFO: 실제 당첨번호: [7, 11, 24, 26, 27, 37]
[2025-01-09 21:29:21] INFO: 학습 완료:
- 최고 점수: 0.85
- 매칭 통계:
  0개 일치: 38회 (19.00%)
  1개 일치: 120회 (60.00%)
  2개 일치: 36회 (18.00%)
  3개 일치: 6회 (3.00%)

[2025-01-09 21:29:21] INFO: 
=== 1148회차 학습 시작 ===
[2025-01-09 21:29:21] INFO: 실제 당첨번호: [3, 6, 13, 15, 16, 22]
[2025-01-09 21:29:27] INFO: 학습 완료:
- 최고 점수: 0.27
- 매칭 통계:
  0개 일치: 148회 (74.00%)
  1개 일치: 48회 (24.00%)
  2개 일치: 4회 (2.00%)

[2025-01-09 21:29:27] INFO: 
=== 1149회차 학습 시작 ===
[2025-01-09 21:29:27] INFO: 실제 당첨번호: [8, 15, 19, 21, 32, 36]
[2025-01-09 21:29:32] INFO: 학습 완료:
- 최고 점수: 0.09
- 매칭 통계:
  0개 일치: 150회 (75.00%)
  1개 일치: 47회 (23.50%)
  2개 일치: 3회 (1.50%)

[2025-01-09 21:29:32] INFO: 
=== 1150회차 학습 시작 ===
[2025-01-09 21:29:32] INFO: 실제 당첨번호: [8, 9, 18, 35, 39, 45]
[2025-01-09 21:29:38] INFO: 학습 완료:
- 최고 점수: 0.57
- 매칭 통계:
  0개 일치: 51회 (25.50%)
  1개 일치: 113회 (56.50%)
  2개 일치: 35회 (17.50%)
  3개 일치: 1회 (0.50%)

[2025-01-09 21:29:38] INFO: 
=== 1151회차 학습 시작 ===
[2025-01-09 21:29:38] INFO: 실제 당첨번호: [2, 3, 9, 15, 27, 29]
[2025-01-09 21:29:44] INFO: 학습 완료:
- 최고 점수: 0.67
- 매칭 통계:
  0개 일치: 51회 (25.50%)
  1개 일치: 99회 (49.50%)
  2개 일치: 43회 (21.50%)
  3개 일치: 7회 (3.50%)

[2025-01-09 21:29:44] INFO: 
=== 1152회차 학습 시작 ===
[2025-01-09 21:29:44] INFO: 실제 당첨번호: [30, 31, 32, 35, 36, 37]
[2025-01-09 21:29:49] INFO: 학습 완료:
- 최고 점수: 0.89
- 매칭 통계:
  0개 일치: 46회 (23.00%)
  1개 일치: 102회 (51.00%)
  2개 일치: 46회 (23.00%)
  3개 일치: 6회 (3.00%)

[2025-01-09 21:29:49] INFO: 
=== 1153회차 학습 시작 ===
[2025-01-09 21:29:49] INFO: 실제 당첨번호: [1, 9, 10, 13, 35, 44]
[2025-01-09 21:29:55] INFO: 학습 완료:
- 최고 점수: 1.98
- 매칭 통계:
  0개 일치: 17회 (8.50%)
  1개 일치: 81회 (40.50%)
  2개 일치: 76회 (38.00%)
  3개 일치: 24회 (12.00%)
  4개 일치: 2회 (1.00%)

[2025-01-09 21:29:55] INFO: Best model saved to: models\best_model_20250109_212955.pkl
[2025-01-09 21:29:56] INFO: Learning results saved to: predictions\lotto_prediction_20250109_212955.xlsx
[2025-01-09 21:29:56] INFO: Predictions saved to predictions\lotto_prediction_20250109_212956.csv and predictions\lotto_prediction_20250109_212956.xlsx
[2025-01-09 21:29:56] INFO: Prediction process completed successfully
Best model score: 236.26
Generated 5 predictions
